2018-06-04 17:15:56.219 [main] INFO  o.s.c.a.AnnotationConfigApplicationContext -
				Refreshing org.springframework.context.annotation.AnnotationConfigApplicationContext@6b81ce95: startup date [Mon Jun 04 17:15:56 CST 2018]; root of context hierarchy
2018-06-04 17:15:56.727 [background-preinit] INFO  org.hibernate.validator.internal.util.Version -
				HV000001: Hibernate Validator 5.3.6.Final
2018-06-04 17:15:56.760 [main] INFO  o.s.b.f.a.AutowiredAnnotationBeanPostProcessor -
				JSR-330 'javax.inject.Inject' annotation found and supported for autowiring
2018-06-04 17:15:56.827 [main] INFO  o.s.c.s.PostProcessorRegistrationDelegate$BeanPostProcessorChecker -
				Bean 'configurationPropertiesRebinderAutoConfiguration' of type [org.springframework.cloud.autoconfigure.ConfigurationPropertiesRebinderAutoConfiguration$$EnhancerBySpringCGLIB$$ecdcf99d] is not eligible for getting processed by all BeanPostProcessors (for example: not eligible for auto-proxying)
2018-06-04 17:15:58.408 [main] INFO  com.lzm.feign.FeignApplication -
				No active profile set, falling back to default profiles: default
2018-06-04 17:15:58.425 [main] INFO  o.s.b.c.e.AnnotationConfigEmbeddedWebApplicationContext -
				Refreshing org.springframework.boot.context.embedded.AnnotationConfigEmbeddedWebApplicationContext@23bff419: startup date [Mon Jun 04 17:15:58 CST 2018]; parent: org.springframework.context.annotation.AnnotationConfigApplicationContext@6b81ce95
2018-06-04 17:15:59.350 [main] INFO  o.springframework.cloud.context.scope.GenericScope -
				BeanFactory id=f3f7ffe8-f626-390b-87f4-95042bef94ee
2018-06-04 17:15:59.372 [main] INFO  o.s.b.f.a.AutowiredAnnotationBeanPostProcessor -
				JSR-330 'javax.inject.Inject' annotation found and supported for autowiring
2018-06-04 17:15:59.414 [main] INFO  o.s.c.s.PostProcessorRegistrationDelegate$BeanPostProcessorChecker -
				Bean 'com.lzm.feign.HiClient' of type [org.springframework.cloud.netflix.feign.FeignClientFactoryBean] is not eligible for getting processed by all BeanPostProcessors (for example: not eligible for auto-proxying)
2018-06-04 17:15:59.450 [main] INFO  o.s.c.s.PostProcessorRegistrationDelegate$BeanPostProcessorChecker -
				Bean 'org.springframework.cloud.autoconfigure.ConfigurationPropertiesRebinderAutoConfiguration' of type [org.springframework.cloud.autoconfigure.ConfigurationPropertiesRebinderAutoConfiguration$$EnhancerBySpringCGLIB$$ecdcf99d] is not eligible for getting processed by all BeanPostProcessors (for example: not eligible for auto-proxying)
2018-06-04 17:15:59.907 [main] INFO  o.s.b.c.e.tomcat.TomcatEmbeddedServletContainer -
				Tomcat initialized with port(s): 8765 (http)
2018-06-04 17:15:59.921 [main] INFO  org.apache.catalina.core.StandardService -
				Starting service [Tomcat]
2018-06-04 17:15:59.923 [main] INFO  org.apache.catalina.core.StandardEngine -
				Starting Servlet Engine: Apache Tomcat/8.5.27
2018-06-04 17:16:00.271 [localhost-startStop-1] INFO  o.a.c.core.ContainerBase.[Tomcat].[localhost].[/] -
				Initializing Spring embedded WebApplicationContext
2018-06-04 17:16:00.272 [localhost-startStop-1] INFO  org.springframework.web.context.ContextLoader -
				Root WebApplicationContext: initialization completed in 1846 ms
2018-06-04 17:16:00.476 [localhost-startStop-1] INFO  o.s.boot.web.servlet.ServletRegistrationBean -
				Mapping servlet: 'dispatcherServlet' to [/]
2018-06-04 17:16:00.481 [localhost-startStop-1] INFO  o.s.boot.web.servlet.FilterRegistrationBean -
				Mapping filter: 'characterEncodingFilter' to: [/*]
2018-06-04 17:16:00.481 [localhost-startStop-1] INFO  o.s.boot.web.servlet.FilterRegistrationBean -
				Mapping filter: 'hiddenHttpMethodFilter' to: [/*]
2018-06-04 17:16:00.481 [localhost-startStop-1] INFO  o.s.boot.web.servlet.FilterRegistrationBean -
				Mapping filter: 'httpPutFormContentFilter' to: [/*]
2018-06-04 17:16:00.482 [localhost-startStop-1] INFO  o.s.boot.web.servlet.FilterRegistrationBean -
				Mapping filter: 'requestContextFilter' to: [/*]
2018-06-04 17:16:00.545 [main] INFO  o.s.c.a.AnnotationConfigApplicationContext -
				Refreshing org.springframework.context.annotation.AnnotationConfigApplicationContext@52a70627: startup date [Mon Jun 04 17:16:00 CST 2018]; parent: org.springframework.boot.context.embedded.AnnotationConfigEmbeddedWebApplicationContext@23bff419
2018-06-04 17:16:00.566 [main] INFO  o.s.b.f.a.AutowiredAnnotationBeanPostProcessor -
				JSR-330 'javax.inject.Inject' annotation found and supported for autowiring
2018-06-04 17:16:01.000 [main] WARN  com.netflix.config.sources.URLConfigurationSource -
				No URLs will be polled as dynamic configuration sources.
2018-06-04 17:16:01.001 [main] INFO  com.netflix.config.sources.URLConfigurationSource -
				To enable URLs as dynamic configuration sources, define System property archaius.configurationSource.additionalUrls or make config.properties available on classpath.
2018-06-04 17:16:01.012 [main] WARN  com.netflix.config.sources.URLConfigurationSource -
				No URLs will be polled as dynamic configuration sources.
2018-06-04 17:16:01.013 [main] INFO  com.netflix.config.sources.URLConfigurationSource -
				To enable URLs as dynamic configuration sources, define System property archaius.configurationSource.additionalUrls or make config.properties available on classpath.
2018-06-04 17:16:01.236 [main] INFO  o.s.w.s.m.m.a.RequestMappingHandlerAdapter -
				Looking for @ControllerAdvice: org.springframework.boot.context.embedded.AnnotationConfigEmbeddedWebApplicationContext@23bff419: startup date [Mon Jun 04 17:15:58 CST 2018]; parent: org.springframework.context.annotation.AnnotationConfigApplicationContext@6b81ce95
2018-06-04 17:16:01.356 [main] INFO  o.s.w.s.m.m.a.RequestMappingHandlerMapping -
				Mapped "{[/hi],methods=[GET]}" onto public java.lang.String com.lzm.feign.HiController.sayHi(java.lang.String)
2018-06-04 17:16:01.361 [main] INFO  o.s.w.s.m.m.a.RequestMappingHandlerMapping -
				Mapped "{[/error]}" onto public org.springframework.http.ResponseEntity<java.util.Map<java.lang.String, java.lang.Object>> org.springframework.boot.autoconfigure.web.BasicErrorController.error(javax.servlet.http.HttpServletRequest)
2018-06-04 17:16:01.361 [main] INFO  o.s.w.s.m.m.a.RequestMappingHandlerMapping -
				Mapped "{[/error],produces=[text/html]}" onto public org.springframework.web.servlet.ModelAndView org.springframework.boot.autoconfigure.web.BasicErrorController.errorHtml(javax.servlet.http.HttpServletRequest,javax.servlet.http.HttpServletResponse)
2018-06-04 17:16:01.421 [main] INFO  o.s.web.servlet.handler.SimpleUrlHandlerMapping -
				Mapped URL path [/webjars/**] onto handler of type [class org.springframework.web.servlet.resource.ResourceHttpRequestHandler]
2018-06-04 17:16:01.421 [main] INFO  o.s.web.servlet.handler.SimpleUrlHandlerMapping -
				Mapped URL path [/**] onto handler of type [class org.springframework.web.servlet.resource.ResourceHttpRequestHandler]
2018-06-04 17:16:01.484 [main] INFO  o.s.web.servlet.handler.SimpleUrlHandlerMapping -
				Mapped URL path [/**/favicon.ico] onto handler of type [class org.springframework.web.servlet.resource.ResourceHttpRequestHandler]
2018-06-04 17:16:02.748 [main] INFO  org.springframework.cloud.commons.util.InetUtils -
				Cannot determine local hostname
2018-06-04 17:16:04.220 [main] INFO  org.springframework.cloud.commons.util.InetUtils -
				Cannot determine local hostname
2018-06-04 17:16:04.362 [main] WARN  o.s.c.s.e.EurekaStarterDeprecationWarningAutoConfiguration -
				spring-cloud-starter-eureka is deprecated as of Spring Cloud Netflix 1.4.0, please migrate to spring-cloud-starter-netflix-eureka
2018-06-04 17:16:04.402 [main] INFO  o.s.jmx.export.annotation.AnnotationMBeanExporter -
				Registering beans for JMX exposure on startup
2018-06-04 17:16:04.429 [main] INFO  o.s.jmx.export.annotation.AnnotationMBeanExporter -
				Bean with name 'configurationPropertiesRebinder' has been autodetected for JMX exposure
2018-06-04 17:16:04.431 [main] INFO  o.s.jmx.export.annotation.AnnotationMBeanExporter -
				Bean with name 'environmentManager' has been autodetected for JMX exposure
2018-06-04 17:16:04.432 [main] INFO  o.s.jmx.export.annotation.AnnotationMBeanExporter -
				Bean with name 'refreshScope' has been autodetected for JMX exposure
2018-06-04 17:16:04.435 [main] INFO  o.s.jmx.export.annotation.AnnotationMBeanExporter -
				Located managed bean 'environmentManager': registering with JMX server as MBean [org.springframework.cloud.context.environment:name=environmentManager,type=EnvironmentManager]
2018-06-04 17:16:04.449 [main] INFO  o.s.jmx.export.annotation.AnnotationMBeanExporter -
				Located managed bean 'refreshScope': registering with JMX server as MBean [org.springframework.cloud.context.scope.refresh:name=refreshScope,type=RefreshScope]
2018-06-04 17:16:04.462 [main] INFO  o.s.jmx.export.annotation.AnnotationMBeanExporter -
				Located managed bean 'configurationPropertiesRebinder': registering with JMX server as MBean [org.springframework.cloud.context.properties:name=configurationPropertiesRebinder,context=23bff419,type=ConfigurationPropertiesRebinder]
2018-06-04 17:16:04.483 [main] INFO  o.s.context.support.DefaultLifecycleProcessor -
				Starting beans in phase 0
2018-06-04 17:16:04.497 [main] INFO  o.s.cloud.netflix.eureka.InstanceInfoFactory -
				Setting initial instance status as: STARTING
2018-06-04 17:16:04.562 [main] INFO  com.netflix.discovery.DiscoveryClient -
				Initializing Eureka in region us-east-1
2018-06-04 17:16:05.070 [main] INFO  c.n.discovery.provider.DiscoveryJerseyProvider -
				Using JSON encoding codec LegacyJacksonJson
2018-06-04 17:16:05.070 [main] INFO  c.n.discovery.provider.DiscoveryJerseyProvider -
				Using JSON decoding codec LegacyJacksonJson
2018-06-04 17:16:05.248 [main] INFO  c.n.discovery.provider.DiscoveryJerseyProvider -
				Using XML encoding codec XStreamXml
2018-06-04 17:16:05.248 [main] INFO  c.n.discovery.provider.DiscoveryJerseyProvider -
				Using XML decoding codec XStreamXml
2018-06-04 17:16:05.796 [main] INFO  c.n.d.shared.resolver.aws.ConfigClusterResolver -
				Resolving eureka endpoints via configuration
2018-06-04 17:16:05.898 [main] INFO  com.netflix.discovery.DiscoveryClient -
				Disable delta property : false
2018-06-04 17:16:05.899 [main] INFO  com.netflix.discovery.DiscoveryClient -
				Single vip registry refresh property : null
2018-06-04 17:16:05.899 [main] INFO  com.netflix.discovery.DiscoveryClient -
				Force full registry fetch : false
2018-06-04 17:16:05.899 [main] INFO  com.netflix.discovery.DiscoveryClient -
				Application is null : false
2018-06-04 17:16:05.899 [main] INFO  com.netflix.discovery.DiscoveryClient -
				Registered Applications size is zero : true
2018-06-04 17:16:05.899 [main] INFO  com.netflix.discovery.DiscoveryClient -
				Application version is -1: true
2018-06-04 17:16:05.899 [main] INFO  com.netflix.discovery.DiscoveryClient -
				Getting all instance registry info from the eureka server
2018-06-04 17:16:06.207 [main] INFO  com.netflix.discovery.DiscoveryClient -
				The response status is 200
2018-06-04 17:16:06.209 [main] INFO  com.netflix.discovery.DiscoveryClient -
				Starting heartbeat executor: renew interval is: 30
2018-06-04 17:16:06.212 [main] INFO  com.netflix.discovery.InstanceInfoReplicator -
				InstanceInfoReplicator onDemand update allowed rate per min is 4
2018-06-04 17:16:06.215 [main] INFO  com.netflix.discovery.DiscoveryClient -
				Discovery Client initialized at timestamp 1528103766214 with initial instances count: 1
2018-06-04 17:16:06.219 [main] INFO  o.s.c.n.e.serviceregistry.EurekaServiceRegistry -
				Registering application service-feign with eureka with status UP
2018-06-04 17:16:06.220 [main] INFO  com.netflix.discovery.DiscoveryClient -
				Saw local status change event StatusChangeEvent [timestamp=1528103766220, current=UP, previous=STARTING]
2018-06-04 17:16:06.222 [DiscoveryClient-InstanceInfoReplicator-0] INFO  com.netflix.discovery.DiscoveryClient -
				DiscoveryClient_SERVICE-FEIGN/localhost:service-feign:8765: registering service...
2018-06-04 17:16:06.259 [main] INFO  org.apache.coyote.http11.Http11NioProtocol -
				Initializing ProtocolHandler ["http-nio-8765"]
2018-06-04 17:16:06.280 [main] INFO  org.apache.coyote.http11.Http11NioProtocol -
				Starting ProtocolHandler ["http-nio-8765"]
2018-06-04 17:16:06.293 [DiscoveryClient-InstanceInfoReplicator-0] INFO  com.netflix.discovery.DiscoveryClient -
				DiscoveryClient_SERVICE-FEIGN/localhost:service-feign:8765 - registration status: 204
2018-06-04 17:16:06.302 [main] INFO  org.apache.tomcat.util.net.NioSelectorPool -
				Using a shared selector for servlet write/read
2018-06-04 17:16:06.324 [main] INFO  o.s.b.c.e.tomcat.TomcatEmbeddedServletContainer -
				Tomcat started on port(s): 8765 (http)
2018-06-04 17:16:06.325 [main] INFO  o.s.c.n.e.s.EurekaAutoServiceRegistration -
				Updating port to 8765
2018-06-04 17:16:06.329 [main] INFO  com.lzm.feign.FeignApplication -
				Started FeignApplication in 11.728 seconds (JVM running for 12.722)
2018-06-04 17:18:38.657 [http-nio-8765-exec-2] INFO  o.a.c.core.ContainerBase.[Tomcat].[localhost].[/] -
				Initializing Spring FrameworkServlet 'dispatcherServlet'
2018-06-04 17:18:38.657 [http-nio-8765-exec-2] INFO  org.springframework.web.servlet.DispatcherServlet -
				FrameworkServlet 'dispatcherServlet': initialization started
2018-06-04 17:18:38.700 [http-nio-8765-exec-2] INFO  org.springframework.web.servlet.DispatcherServlet -
				FrameworkServlet 'dispatcherServlet': initialization completed in 43 ms
2018-06-04 17:18:39.152 [http-nio-8765-exec-2] INFO  o.s.c.a.AnnotationConfigApplicationContext -
				Refreshing org.springframework.context.annotation.AnnotationConfigApplicationContext@47d427d7: startup date [Mon Jun 04 17:18:39 CST 2018]; parent: org.springframework.boot.context.embedded.AnnotationConfigEmbeddedWebApplicationContext@23bff419
2018-06-04 17:18:40.242 [http-nio-8765-exec-2] INFO  o.s.b.f.a.AutowiredAnnotationBeanPostProcessor -
				JSR-330 'javax.inject.Inject' annotation found and supported for autowiring
2018-06-04 17:18:41.155 [http-nio-8765-exec-2] INFO  com.netflix.config.ChainedDynamicProperty -
				Flipping property: service-hi.ribbon.ActiveConnectionsLimit to use NEXT property: niws.loadbalancer.availabilityFilteringRule.activeConnectionsLimit = 2147483647
2018-06-04 17:18:41.195 [http-nio-8765-exec-2] INFO  com.netflix.util.concurrent.ShutdownEnabledTimer -
				Shutdown hook installed for: NFLoadBalancer-PingTimer-service-hi
2018-06-04 17:18:41.242 [http-nio-8765-exec-2] INFO  com.netflix.loadbalancer.BaseLoadBalancer -
				Client: service-hi instantiated a LoadBalancer: DynamicServerListLoadBalancer:{NFLoadBalancer:name=service-hi,current list of Servers=[],Load balancer stats=Zone stats: {},Server stats: []}ServerList:null
2018-06-04 17:18:41.255 [http-nio-8765-exec-2] INFO  c.n.loadbalancer.DynamicServerListLoadBalancer -
				Using serverListUpdater PollingServerListUpdater
2018-06-04 17:18:41.311 [http-nio-8765-exec-2] INFO  com.netflix.config.ChainedDynamicProperty -
				Flipping property: service-hi.ribbon.ActiveConnectionsLimit to use NEXT property: niws.loadbalancer.availabilityFilteringRule.activeConnectionsLimit = 2147483647
2018-06-04 17:18:41.313 [http-nio-8765-exec-2] INFO  c.n.loadbalancer.DynamicServerListLoadBalancer -
				DynamicServerListLoadBalancer for client service-hi initialized: DynamicServerListLoadBalancer:{NFLoadBalancer:name=service-hi,current list of Servers=[localhost:8762],Load balancer stats=Zone stats: {defaultzone=[Zone:defaultzone;	Instance count:1;	Active connections count: 0;	Circuit breaker tripped count: 0;	Active connections per server: 0.0;]
},Server stats: [[Server:localhost:8762;	Zone:defaultZone;	Total Requests:0;	Successive connection failure:0;	Total blackout seconds:0;	Last connection made:Thu Jan 01 08:00:00 CST 1970;	First connection made: Thu Jan 01 08:00:00 CST 1970;	Active Connections:0;	total failure count in last (1000) msecs:0;	average resp time:0.0;	90 percentile resp time:0.0;	95 percentile resp time:0.0;	min resp time:0.0;	max resp time:0.0;	stddev resp time:0.0]
]}ServerList:org.springframework.cloud.netflix.ribbon.eureka.DomainExtractingServerList@256897b2
2018-06-04 17:18:42.261 [PollingServerListUpdater-0] INFO  com.netflix.config.ChainedDynamicProperty -
				Flipping property: service-hi.ribbon.ActiveConnectionsLimit to use NEXT property: niws.loadbalancer.availabilityFilteringRule.activeConnectionsLimit = 2147483647
