2018-06-04 17:16:23.299 [main] INFO  o.s.c.a.AnnotationConfigApplicationContext -
				Refreshing org.springframework.context.annotation.AnnotationConfigApplicationContext@4cc451f2: startup date [Mon Jun 04 17:16:23 CST 2018]; root of context hierarchy
2018-06-04 17:16:24.002 [main] INFO  o.s.b.f.a.AutowiredAnnotationBeanPostProcessor -
				JSR-330 'javax.inject.Inject' annotation found and supported for autowiring
2018-06-04 17:16:24.083 [main] INFO  o.s.c.s.PostProcessorRegistrationDelegate$BeanPostProcessorChecker -
				Bean 'configurationPropertiesRebinderAutoConfiguration' of type [org.springframework.cloud.autoconfigure.ConfigurationPropertiesRebinderAutoConfiguration$$EnhancerBySpringCGLIB$$5c577990] is not eligible for getting processed by all BeanPostProcessors (for example: not eligible for auto-proxying)
2018-06-04 17:16:24.088 [background-preinit] INFO  org.hibernate.validator.internal.util.Version -
				HV000001: Hibernate Validator 5.3.6.Final
2018-06-04 17:16:26.094 [main] INFO  com.lzm.service_ribbon.RibbonApplication -
				No active profile set, falling back to default profiles: default
2018-06-04 17:16:26.121 [main] INFO  o.s.b.c.e.AnnotationConfigEmbeddedWebApplicationContext -
				Refreshing org.springframework.boot.context.embedded.AnnotationConfigEmbeddedWebApplicationContext@6e950bcf: startup date [Mon Jun 04 17:16:26 CST 2018]; parent: org.springframework.context.annotation.AnnotationConfigApplicationContext@4cc451f2
2018-06-04 17:16:26.968 [main] INFO  o.springframework.cloud.context.scope.GenericScope -
				BeanFactory id=4b10eb91-2c55-3da2-80cb-3b277dc5b399
2018-06-04 17:16:27.003 [main] INFO  o.s.b.f.a.AutowiredAnnotationBeanPostProcessor -
				JSR-330 'javax.inject.Inject' annotation found and supported for autowiring
2018-06-04 17:16:27.057 [main] INFO  o.s.c.s.PostProcessorRegistrationDelegate$BeanPostProcessorChecker -
				Bean 'org.springframework.cloud.autoconfigure.ConfigurationPropertiesRebinderAutoConfiguration' of type [org.springframework.cloud.autoconfigure.ConfigurationPropertiesRebinderAutoConfiguration$$EnhancerBySpringCGLIB$$5c577990] is not eligible for getting processed by all BeanPostProcessors (for example: not eligible for auto-proxying)
2018-06-04 17:16:27.505 [main] INFO  o.s.b.c.e.tomcat.TomcatEmbeddedServletContainer -
				Tomcat initialized with port(s): 8764 (http)
2018-06-04 17:16:27.518 [main] INFO  org.apache.catalina.core.StandardService -
				Starting service [Tomcat]
2018-06-04 17:16:27.520 [main] INFO  org.apache.catalina.core.StandardEngine -
				Starting Servlet Engine: Apache Tomcat/8.5.27
2018-06-04 17:16:27.728 [localhost-startStop-1] INFO  o.a.c.core.ContainerBase.[Tomcat].[localhost].[/] -
				Initializing Spring embedded WebApplicationContext
2018-06-04 17:16:27.728 [localhost-startStop-1] INFO  org.springframework.web.context.ContextLoader -
				Root WebApplicationContext: initialization completed in 1608 ms
2018-06-04 17:16:27.928 [localhost-startStop-1] INFO  o.s.boot.web.servlet.ServletRegistrationBean -
				Mapping servlet: 'dispatcherServlet' to [/]
2018-06-04 17:16:27.933 [localhost-startStop-1] INFO  o.s.boot.web.servlet.FilterRegistrationBean -
				Mapping filter: 'characterEncodingFilter' to: [/*]
2018-06-04 17:16:27.933 [localhost-startStop-1] INFO  o.s.boot.web.servlet.FilterRegistrationBean -
				Mapping filter: 'hiddenHttpMethodFilter' to: [/*]
2018-06-04 17:16:27.933 [localhost-startStop-1] INFO  o.s.boot.web.servlet.FilterRegistrationBean -
				Mapping filter: 'httpPutFormContentFilter' to: [/*]
2018-06-04 17:16:27.933 [localhost-startStop-1] INFO  o.s.boot.web.servlet.FilterRegistrationBean -
				Mapping filter: 'requestContextFilter' to: [/*]
2018-06-04 17:16:28.271 [main] WARN  com.netflix.config.sources.URLConfigurationSource -
				No URLs will be polled as dynamic configuration sources.
2018-06-04 17:16:28.271 [main] INFO  com.netflix.config.sources.URLConfigurationSource -
				To enable URLs as dynamic configuration sources, define System property archaius.configurationSource.additionalUrls or make config.properties available on classpath.
2018-06-04 17:16:28.277 [main] WARN  com.netflix.config.sources.URLConfigurationSource -
				No URLs will be polled as dynamic configuration sources.
2018-06-04 17:16:28.277 [main] INFO  com.netflix.config.sources.URLConfigurationSource -
				To enable URLs as dynamic configuration sources, define System property archaius.configurationSource.additionalUrls or make config.properties available on classpath.
2018-06-04 17:16:28.511 [main] INFO  o.s.w.s.m.m.a.RequestMappingHandlerAdapter -
				Looking for @ControllerAdvice: org.springframework.boot.context.embedded.AnnotationConfigEmbeddedWebApplicationContext@6e950bcf: startup date [Mon Jun 04 17:16:26 CST 2018]; parent: org.springframework.context.annotation.AnnotationConfigApplicationContext@4cc451f2
2018-06-04 17:16:28.591 [main] INFO  o.s.w.s.m.m.a.RequestMappingHandlerMapping -
				Mapped "{[/hi]}" onto public java.lang.String com.lzm.service_ribbon.controller.HelloControler.hi(java.lang.String)
2018-06-04 17:16:28.594 [main] INFO  o.s.w.s.m.m.a.RequestMappingHandlerMapping -
				Mapped "{[/error]}" onto public org.springframework.http.ResponseEntity<java.util.Map<java.lang.String, java.lang.Object>> org.springframework.boot.autoconfigure.web.BasicErrorController.error(javax.servlet.http.HttpServletRequest)
2018-06-04 17:16:28.595 [main] INFO  o.s.w.s.m.m.a.RequestMappingHandlerMapping -
				Mapped "{[/error],produces=[text/html]}" onto public org.springframework.web.servlet.ModelAndView org.springframework.boot.autoconfigure.web.BasicErrorController.errorHtml(javax.servlet.http.HttpServletRequest,javax.servlet.http.HttpServletResponse)
2018-06-04 17:16:28.629 [main] INFO  o.s.web.servlet.handler.SimpleUrlHandlerMapping -
				Mapped URL path [/webjars/**] onto handler of type [class org.springframework.web.servlet.resource.ResourceHttpRequestHandler]
2018-06-04 17:16:28.630 [main] INFO  o.s.web.servlet.handler.SimpleUrlHandlerMapping -
				Mapped URL path [/**] onto handler of type [class org.springframework.web.servlet.resource.ResourceHttpRequestHandler]
2018-06-04 17:16:28.693 [main] INFO  o.s.web.servlet.handler.SimpleUrlHandlerMapping -
				Mapped URL path [/**/favicon.ico] onto handler of type [class org.springframework.web.servlet.resource.ResourceHttpRequestHandler]
2018-06-04 17:16:29.992 [main] INFO  org.springframework.cloud.commons.util.InetUtils -
				Cannot determine local hostname
2018-06-04 17:16:31.474 [main] INFO  org.springframework.cloud.commons.util.InetUtils -
				Cannot determine local hostname
2018-06-04 17:16:31.641 [main] WARN  o.s.c.s.e.EurekaStarterDeprecationWarningAutoConfiguration -
				spring-cloud-starter-eureka is deprecated as of Spring Cloud Netflix 1.4.0, please migrate to spring-cloud-starter-netflix-eureka
2018-06-04 17:16:31.692 [main] INFO  o.s.jmx.export.annotation.AnnotationMBeanExporter -
				Registering beans for JMX exposure on startup
2018-06-04 17:16:31.703 [main] INFO  o.s.jmx.export.annotation.AnnotationMBeanExporter -
				Bean with name 'configurationPropertiesRebinder' has been autodetected for JMX exposure
2018-06-04 17:16:31.704 [main] INFO  o.s.jmx.export.annotation.AnnotationMBeanExporter -
				Bean with name 'environmentManager' has been autodetected for JMX exposure
2018-06-04 17:16:31.705 [main] INFO  o.s.jmx.export.annotation.AnnotationMBeanExporter -
				Bean with name 'refreshScope' has been autodetected for JMX exposure
2018-06-04 17:16:31.708 [main] INFO  o.s.jmx.export.annotation.AnnotationMBeanExporter -
				Located managed bean 'environmentManager': registering with JMX server as MBean [org.springframework.cloud.context.environment:name=environmentManager,type=EnvironmentManager]
2018-06-04 17:16:31.722 [main] INFO  o.s.jmx.export.annotation.AnnotationMBeanExporter -
				Located managed bean 'refreshScope': registering with JMX server as MBean [org.springframework.cloud.context.scope.refresh:name=refreshScope,type=RefreshScope]
2018-06-04 17:16:31.734 [main] INFO  o.s.jmx.export.annotation.AnnotationMBeanExporter -
				Located managed bean 'configurationPropertiesRebinder': registering with JMX server as MBean [org.springframework.cloud.context.properties:name=configurationPropertiesRebinder,context=6e950bcf,type=ConfigurationPropertiesRebinder]
2018-06-04 17:16:31.761 [main] INFO  o.s.context.support.DefaultLifecycleProcessor -
				Starting beans in phase 0
2018-06-04 17:16:31.776 [main] INFO  o.s.cloud.netflix.eureka.InstanceInfoFactory -
				Setting initial instance status as: STARTING
2018-06-04 17:16:31.852 [main] INFO  com.netflix.discovery.DiscoveryClient -
				Initializing Eureka in region us-east-1
2018-06-04 17:16:32.429 [main] INFO  c.n.discovery.provider.DiscoveryJerseyProvider -
				Using JSON encoding codec LegacyJacksonJson
2018-06-04 17:16:32.430 [main] INFO  c.n.discovery.provider.DiscoveryJerseyProvider -
				Using JSON decoding codec LegacyJacksonJson
2018-06-04 17:16:32.599 [main] INFO  c.n.discovery.provider.DiscoveryJerseyProvider -
				Using XML encoding codec XStreamXml
2018-06-04 17:16:32.600 [main] INFO  c.n.discovery.provider.DiscoveryJerseyProvider -
				Using XML decoding codec XStreamXml
2018-06-04 17:16:32.848 [main] INFO  c.n.d.shared.resolver.aws.ConfigClusterResolver -
				Resolving eureka endpoints via configuration
2018-06-04 17:16:32.949 [main] INFO  com.netflix.discovery.DiscoveryClient -
				Disable delta property : false
2018-06-04 17:16:32.950 [main] INFO  com.netflix.discovery.DiscoveryClient -
				Single vip registry refresh property : null
2018-06-04 17:16:32.950 [main] INFO  com.netflix.discovery.DiscoveryClient -
				Force full registry fetch : false
2018-06-04 17:16:32.950 [main] INFO  com.netflix.discovery.DiscoveryClient -
				Application is null : false
2018-06-04 17:16:32.950 [main] INFO  com.netflix.discovery.DiscoveryClient -
				Registered Applications size is zero : true
2018-06-04 17:16:32.950 [main] INFO  com.netflix.discovery.DiscoveryClient -
				Application version is -1: true
2018-06-04 17:16:32.950 [main] INFO  com.netflix.discovery.DiscoveryClient -
				Getting all instance registry info from the eureka server
2018-06-04 17:16:33.243 [main] INFO  com.netflix.discovery.DiscoveryClient -
				The response status is 200
2018-06-04 17:16:33.246 [main] INFO  com.netflix.discovery.DiscoveryClient -
				Starting heartbeat executor: renew interval is: 30
2018-06-04 17:16:33.250 [main] INFO  com.netflix.discovery.InstanceInfoReplicator -
				InstanceInfoReplicator onDemand update allowed rate per min is 4
2018-06-04 17:16:33.261 [main] INFO  com.netflix.discovery.DiscoveryClient -
				Discovery Client initialized at timestamp 1528103793261 with initial instances count: 3
2018-06-04 17:16:33.267 [main] INFO  o.s.c.n.e.serviceregistry.EurekaServiceRegistry -
				Registering application service-ribbon with eureka with status UP
2018-06-04 17:16:33.269 [main] INFO  com.netflix.discovery.DiscoveryClient -
				Saw local status change event StatusChangeEvent [timestamp=1528103793269, current=UP, previous=STARTING]
2018-06-04 17:16:33.271 [DiscoveryClient-InstanceInfoReplicator-0] INFO  com.netflix.discovery.DiscoveryClient -
				DiscoveryClient_SERVICE-RIBBON/localhost:service-ribbon:8764: registering service...
2018-06-04 17:16:33.303 [main] INFO  org.apache.coyote.http11.Http11NioProtocol -
				Initializing ProtocolHandler ["http-nio-8764"]
2018-06-04 17:16:33.337 [DiscoveryClient-InstanceInfoReplicator-0] INFO  com.netflix.discovery.DiscoveryClient -
				DiscoveryClient_SERVICE-RIBBON/localhost:service-ribbon:8764 - registration status: 204
2018-06-04 17:16:33.340 [main] INFO  org.apache.coyote.http11.Http11NioProtocol -
				Starting ProtocolHandler ["http-nio-8764"]
2018-06-04 17:16:33.364 [main] INFO  org.apache.tomcat.util.net.NioSelectorPool -
				Using a shared selector for servlet write/read
2018-06-04 17:16:33.413 [main] INFO  o.s.b.c.e.tomcat.TomcatEmbeddedServletContainer -
				Tomcat started on port(s): 8764 (http)
2018-06-04 17:16:33.414 [main] INFO  o.s.c.n.e.s.EurekaAutoServiceRegistration -
				Updating port to 8764
2018-06-04 17:16:33.419 [main] INFO  com.lzm.service_ribbon.RibbonApplication -
				Started RibbonApplication in 12.679 seconds (JVM running for 13.832)
2018-06-04 17:18:10.765 [http-nio-8764-exec-1] INFO  o.a.c.core.ContainerBase.[Tomcat].[localhost].[/] -
				Initializing Spring FrameworkServlet 'dispatcherServlet'
2018-06-04 17:18:10.767 [http-nio-8764-exec-1] INFO  org.springframework.web.servlet.DispatcherServlet -
				FrameworkServlet 'dispatcherServlet': initialization started
2018-06-04 17:18:10.909 [http-nio-8764-exec-1] INFO  org.springframework.web.servlet.DispatcherServlet -
				FrameworkServlet 'dispatcherServlet': initialization completed in 142 ms
2018-06-04 17:18:11.224 [http-nio-8764-exec-1] INFO  o.s.c.a.AnnotationConfigApplicationContext -
				Refreshing org.springframework.context.annotation.AnnotationConfigApplicationContext@4d7d89d4: startup date [Mon Jun 04 17:18:11 CST 2018]; parent: org.springframework.boot.context.embedded.AnnotationConfigEmbeddedWebApplicationContext@6e950bcf
2018-06-04 17:18:11.476 [http-nio-8764-exec-1] INFO  o.s.b.f.a.AutowiredAnnotationBeanPostProcessor -
				JSR-330 'javax.inject.Inject' annotation found and supported for autowiring
2018-06-04 17:18:12.625 [http-nio-8764-exec-1] INFO  com.netflix.config.ChainedDynamicProperty -
				Flipping property: SERVICE-HI.ribbon.ActiveConnectionsLimit to use NEXT property: niws.loadbalancer.availabilityFilteringRule.activeConnectionsLimit = 2147483647
2018-06-04 17:18:12.660 [http-nio-8764-exec-1] INFO  com.netflix.util.concurrent.ShutdownEnabledTimer -
				Shutdown hook installed for: NFLoadBalancer-PingTimer-SERVICE-HI
2018-06-04 17:18:12.694 [http-nio-8764-exec-1] INFO  com.netflix.loadbalancer.BaseLoadBalancer -
				Client: SERVICE-HI instantiated a LoadBalancer: DynamicServerListLoadBalancer:{NFLoadBalancer:name=SERVICE-HI,current list of Servers=[],Load balancer stats=Zone stats: {},Server stats: []}ServerList:null
2018-06-04 17:18:12.703 [http-nio-8764-exec-1] INFO  c.n.loadbalancer.DynamicServerListLoadBalancer -
				Using serverListUpdater PollingServerListUpdater
2018-06-04 17:18:12.753 [http-nio-8764-exec-1] INFO  com.netflix.config.ChainedDynamicProperty -
				Flipping property: SERVICE-HI.ribbon.ActiveConnectionsLimit to use NEXT property: niws.loadbalancer.availabilityFilteringRule.activeConnectionsLimit = 2147483647
2018-06-04 17:18:12.757 [http-nio-8764-exec-1] INFO  c.n.loadbalancer.DynamicServerListLoadBalancer -
				DynamicServerListLoadBalancer for client SERVICE-HI initialized: DynamicServerListLoadBalancer:{NFLoadBalancer:name=SERVICE-HI,current list of Servers=[localhost:8762],Load balancer stats=Zone stats: {defaultzone=[Zone:defaultzone;	Instance count:1;	Active connections count: 0;	Circuit breaker tripped count: 0;	Active connections per server: 0.0;]
},Server stats: [[Server:localhost:8762;	Zone:defaultZone;	Total Requests:0;	Successive connection failure:0;	Total blackout seconds:0;	Last connection made:Thu Jan 01 08:00:00 CST 1970;	First connection made: Thu Jan 01 08:00:00 CST 1970;	Active Connections:0;	total failure count in last (1000) msecs:0;	average resp time:0.0;	90 percentile resp time:0.0;	95 percentile resp time:0.0;	min resp time:0.0;	max resp time:0.0;	stddev resp time:0.0]
]}ServerList:org.springframework.cloud.netflix.ribbon.eureka.DomainExtractingServerList@1421d371
2018-06-04 17:18:13.743 [PollingServerListUpdater-0] INFO  com.netflix.config.ChainedDynamicProperty -
				Flipping property: SERVICE-HI.ribbon.ActiveConnectionsLimit to use NEXT property: niws.loadbalancer.availabilityFilteringRule.activeConnectionsLimit = 2147483647
