2018-06-05 13:57:04.742 [main] INFO  o.s.c.a.AnnotationConfigApplicationContext -
				Refreshing org.springframework.context.annotation.AnnotationConfigApplicationContext@20ce78ec: startup date [Tue Jun 05 13:57:04 CST 2018]; root of context hierarchy
2018-06-05 13:57:05.184 [background-preinit] INFO  org.hibernate.validator.internal.util.Version -
				HV000001: Hibernate Validator 5.3.6.Final
2018-06-05 13:57:05.231 [main] INFO  o.s.c.s.PostProcessorRegistrationDelegate$BeanPostProcessorChecker -
				Bean 'configurationPropertiesRebinderAutoConfiguration' of type [org.springframework.cloud.autoconfigure.ConfigurationPropertiesRebinderAutoConfiguration$$EnhancerBySpringCGLIB$$aebe23c6] is not eligible for getting processed by all BeanPostProcessors (for example: not eligible for auto-proxying)
2018-06-05 13:57:06.841 [main] INFO  com.lzm.config.ConfigApplication -
				No active profile set, falling back to default profiles: default
2018-06-05 13:57:06.857 [main] INFO  o.s.b.c.e.AnnotationConfigEmbeddedWebApplicationContext -
				Refreshing org.springframework.boot.context.embedded.AnnotationConfigEmbeddedWebApplicationContext@767e20cf: startup date [Tue Jun 05 13:57:06 CST 2018]; parent: org.springframework.context.annotation.AnnotationConfigApplicationContext@20ce78ec
2018-06-05 13:57:07.807 [main] INFO  o.springframework.cloud.context.scope.GenericScope -
				BeanFactory id=2d589140-c4d2-3ed6-8ddd-c0df4b3b9190
2018-06-05 13:57:07.869 [main] INFO  o.s.c.s.PostProcessorRegistrationDelegate$BeanPostProcessorChecker -
				Bean 'org.springframework.cloud.autoconfigure.ConfigurationPropertiesRebinderAutoConfiguration' of type [org.springframework.cloud.autoconfigure.ConfigurationPropertiesRebinderAutoConfiguration$$EnhancerBySpringCGLIB$$aebe23c6] is not eligible for getting processed by all BeanPostProcessors (for example: not eligible for auto-proxying)
2018-06-05 13:57:08.237 [main] INFO  o.s.b.c.e.tomcat.TomcatEmbeddedServletContainer -
				Tomcat initialized with port(s): 8888 (http)
2018-06-05 13:57:08.253 [main] INFO  org.apache.catalina.core.StandardService -
				Starting service [Tomcat]
2018-06-05 13:57:08.253 [main] INFO  org.apache.catalina.core.StandardEngine -
				Starting Servlet Engine: Apache Tomcat/8.5.27
2018-06-05 13:57:08.431 [localhost-startStop-1] INFO  o.a.c.core.ContainerBase.[Tomcat].[localhost].[/] -
				Initializing Spring embedded WebApplicationContext
2018-06-05 13:57:08.432 [localhost-startStop-1] INFO  org.springframework.web.context.ContextLoader -
				Root WebApplicationContext: initialization completed in 1575 ms
2018-06-05 13:57:08.786 [localhost-startStop-1] INFO  o.s.boot.web.servlet.ServletRegistrationBean -
				Mapping servlet: 'dispatcherServlet' to [/]
2018-06-05 13:57:08.786 [localhost-startStop-1] INFO  o.s.boot.web.servlet.FilterRegistrationBean -
				Mapping filter: 'metricsFilter' to: [/*]
2018-06-05 13:57:08.786 [localhost-startStop-1] INFO  o.s.boot.web.servlet.FilterRegistrationBean -
				Mapping filter: 'characterEncodingFilter' to: [/*]
2018-06-05 13:57:08.786 [localhost-startStop-1] INFO  o.s.boot.web.servlet.FilterRegistrationBean -
				Mapping filter: 'hiddenHttpMethodFilter' to: [/*]
2018-06-05 13:57:08.786 [localhost-startStop-1] INFO  o.s.boot.web.servlet.FilterRegistrationBean -
				Mapping filter: 'httpPutFormContentFilter' to: [/*]
2018-06-05 13:57:08.786 [localhost-startStop-1] INFO  o.s.boot.web.servlet.FilterRegistrationBean -
				Mapping filter: 'requestContextFilter' to: [/*]
2018-06-05 13:57:08.786 [localhost-startStop-1] INFO  o.s.boot.web.servlet.FilterRegistrationBean -
				Mapping filter: 'webRequestLoggingFilter' to: [/*]
2018-06-05 13:57:08.786 [localhost-startStop-1] INFO  o.s.boot.web.servlet.FilterRegistrationBean -
				Mapping filter: 'applicationContextIdFilter' to: [/*]
2018-06-05 13:57:09.171 [main] INFO  o.s.w.s.m.m.a.RequestMappingHandlerAdapter -
				Looking for @ControllerAdvice: org.springframework.boot.context.embedded.AnnotationConfigEmbeddedWebApplicationContext@767e20cf: startup date [Tue Jun 05 13:57:06 CST 2018]; parent: org.springframework.context.annotation.AnnotationConfigApplicationContext@20ce78ec
2018-06-05 13:57:09.246 [main] INFO  o.s.w.s.m.m.a.RequestMappingHandlerMapping -
				Mapped "{[/error]}" onto public org.springframework.http.ResponseEntity<java.util.Map<java.lang.String, java.lang.Object>> org.springframework.boot.autoconfigure.web.BasicErrorController.error(javax.servlet.http.HttpServletRequest)
2018-06-05 13:57:09.262 [main] INFO  o.s.w.s.m.m.a.RequestMappingHandlerMapping -
				Mapped "{[/error],produces=[text/html]}" onto public org.springframework.web.servlet.ModelAndView org.springframework.boot.autoconfigure.web.BasicErrorController.errorHtml(javax.servlet.http.HttpServletRequest,javax.servlet.http.HttpServletResponse)
2018-06-05 13:57:09.262 [main] INFO  o.s.w.s.m.m.a.RequestMappingHandlerMapping -
				Mapped "{[/encrypt],methods=[POST]}" onto public java.lang.String org.springframework.cloud.config.server.encryption.EncryptionController.encrypt(java.lang.String,org.springframework.http.MediaType)
2018-06-05 13:57:09.262 [main] INFO  o.s.w.s.m.m.a.RequestMappingHandlerMapping -
				Mapped "{[/encrypt/{name}/{profiles}],methods=[POST]}" onto public java.lang.String org.springframework.cloud.config.server.encryption.EncryptionController.encrypt(java.lang.String,java.lang.String,java.lang.String,org.springframework.http.MediaType)
2018-06-05 13:57:09.262 [main] INFO  o.s.w.s.m.m.a.RequestMappingHandlerMapping -
				Mapped "{[/decrypt/{name}/{profiles}],methods=[POST]}" onto public java.lang.String org.springframework.cloud.config.server.encryption.EncryptionController.decrypt(java.lang.String,java.lang.String,java.lang.String,org.springframework.http.MediaType)
2018-06-05 13:57:09.262 [main] INFO  o.s.w.s.m.m.a.RequestMappingHandlerMapping -
				Mapped "{[/decrypt],methods=[POST]}" onto public java.lang.String org.springframework.cloud.config.server.encryption.EncryptionController.decrypt(java.lang.String,org.springframework.http.MediaType)
2018-06-05 13:57:09.262 [main] INFO  o.s.w.s.m.m.a.RequestMappingHandlerMapping -
				Mapped "{[/encrypt/status],methods=[GET]}" onto public java.util.Map<java.lang.String, java.lang.Object> org.springframework.cloud.config.server.encryption.EncryptionController.status()
2018-06-05 13:57:09.262 [main] INFO  o.s.w.s.m.m.a.RequestMappingHandlerMapping -
				Mapped "{[/key],methods=[GET]}" onto public java.lang.String org.springframework.cloud.config.server.encryption.EncryptionController.getPublicKey()
2018-06-05 13:57:09.262 [main] INFO  o.s.w.s.m.m.a.RequestMappingHandlerMapping -
				Mapped "{[/key/{name}/{profiles}],methods=[GET]}" onto public java.lang.String org.springframework.cloud.config.server.encryption.EncryptionController.getPublicKey(java.lang.String,java.lang.String)
2018-06-05 13:57:09.278 [main] INFO  o.s.w.s.m.m.a.RequestMappingHandlerMapping -
				Mapped "{[/{name}-{profiles}.properties],methods=[GET]}" onto public org.springframework.http.ResponseEntity<java.lang.String> org.springframework.cloud.config.server.environment.EnvironmentController.properties(java.lang.String,java.lang.String,boolean) throws java.io.IOException
2018-06-05 13:57:09.278 [main] INFO  o.s.w.s.m.m.a.RequestMappingHandlerMapping -
				Mapped "{[/{name}-{profiles}.yml || /{name}-{profiles}.yaml],methods=[GET]}" onto public org.springframework.http.ResponseEntity<java.lang.String> org.springframework.cloud.config.server.environment.EnvironmentController.yaml(java.lang.String,java.lang.String,boolean) throws java.lang.Exception
2018-06-05 13:57:09.278 [main] INFO  o.s.w.s.m.m.a.RequestMappingHandlerMapping -
				Mapped "{[/{name}/{profiles:.*[^-].*}],methods=[GET]}" onto public org.springframework.cloud.config.environment.Environment org.springframework.cloud.config.server.environment.EnvironmentController.defaultLabel(java.lang.String,java.lang.String)
2018-06-05 13:57:09.278 [main] INFO  o.s.w.s.m.m.a.RequestMappingHandlerMapping -
				Mapped "{[/{name}/{profiles}/{label:.*}],methods=[GET]}" onto public org.springframework.cloud.config.environment.Environment org.springframework.cloud.config.server.environment.EnvironmentController.labelled(java.lang.String,java.lang.String,java.lang.String)
2018-06-05 13:57:09.278 [main] INFO  o.s.w.s.m.m.a.RequestMappingHandlerMapping -
				Mapped "{[/{name}-{profiles}.json],methods=[GET]}" onto public org.springframework.http.ResponseEntity<java.lang.String> org.springframework.cloud.config.server.environment.EnvironmentController.jsonProperties(java.lang.String,java.lang.String,boolean) throws java.lang.Exception
2018-06-05 13:57:09.278 [main] INFO  o.s.w.s.m.m.a.RequestMappingHandlerMapping -
				Mapped "{[/{label}/{name}-{profiles}.yml || /{label}/{name}-{profiles}.yaml],methods=[GET]}" onto public org.springframework.http.ResponseEntity<java.lang.String> org.springframework.cloud.config.server.environment.EnvironmentController.labelledYaml(java.lang.String,java.lang.String,java.lang.String,boolean) throws java.lang.Exception
2018-06-05 13:57:09.278 [main] INFO  o.s.w.s.m.m.a.RequestMappingHandlerMapping -
				Mapped "{[/{label}/{name}-{profiles}.properties],methods=[GET]}" onto public org.springframework.http.ResponseEntity<java.lang.String> org.springframework.cloud.config.server.environment.EnvironmentController.labelledProperties(java.lang.String,java.lang.String,java.lang.String,boolean) throws java.io.IOException
2018-06-05 13:57:09.278 [main] INFO  o.s.w.s.m.m.a.RequestMappingHandlerMapping -
				Mapped "{[/{label}/{name}-{profiles}.json],methods=[GET]}" onto public org.springframework.http.ResponseEntity<java.lang.String> org.springframework.cloud.config.server.environment.EnvironmentController.labelledJsonProperties(java.lang.String,java.lang.String,java.lang.String,boolean) throws java.lang.Exception
2018-06-05 13:57:09.306 [main] INFO  o.s.w.s.m.m.a.RequestMappingHandlerMapping -
				Mapped "{[/{name}/{profile}/{label}/**],methods=[GET],produces=[application/octet-stream]}" onto public synchronized byte[] org.springframework.cloud.config.server.resource.ResourceController.binary(java.lang.String,java.lang.String,java.lang.String,javax.servlet.http.HttpServletRequest) throws java.io.IOException
2018-06-05 13:57:09.306 [main] INFO  o.s.w.s.m.m.a.RequestMappingHandlerMapping -
				Mapped "{[/{name}/{profile}/{label}/**],methods=[GET]}" onto public java.lang.String org.springframework.cloud.config.server.resource.ResourceController.retrieve(java.lang.String,java.lang.String,java.lang.String,javax.servlet.http.HttpServletRequest,boolean) throws java.io.IOException
2018-06-05 13:57:09.307 [main] INFO  o.s.w.s.m.m.a.RequestMappingHandlerMapping -
				Mapped "{[/{name}/{profile}/**],methods=[GET],params=[useDefaultLabel]}" onto public java.lang.String org.springframework.cloud.config.server.resource.ResourceController.retrieve(java.lang.String,java.lang.String,javax.servlet.http.HttpServletRequest,boolean) throws java.io.IOException
2018-06-05 13:57:09.345 [main] INFO  o.s.web.servlet.handler.SimpleUrlHandlerMapping -
				Mapped URL path [/webjars/**] onto handler of type [class org.springframework.web.servlet.resource.ResourceHttpRequestHandler]
2018-06-05 13:57:09.345 [main] INFO  o.s.web.servlet.handler.SimpleUrlHandlerMapping -
				Mapped URL path [/**] onto handler of type [class org.springframework.web.servlet.resource.ResourceHttpRequestHandler]
2018-06-05 13:57:09.429 [main] INFO  o.s.web.servlet.handler.SimpleUrlHandlerMapping -
				Mapped URL path [/**/favicon.ico] onto handler of type [class org.springframework.web.servlet.resource.ResourceHttpRequestHandler]
2018-06-05 13:57:10.216 [main] INFO  o.s.b.actuate.endpoint.mvc.EndpointHandlerMapping -
				Mapped "{[/metrics/{name:.*}],methods=[GET],produces=[application/vnd.spring-boot.actuator.v1+json || application/json]}" onto public java.lang.Object org.springframework.boot.actuate.endpoint.mvc.MetricsMvcEndpoint.value(java.lang.String)
2018-06-05 13:57:10.229 [main] INFO  o.s.b.actuate.endpoint.mvc.EndpointHandlerMapping -
				Mapped "{[/metrics || /metrics.json],methods=[GET],produces=[application/vnd.spring-boot.actuator.v1+json || application/json]}" onto public java.lang.Object org.springframework.boot.actuate.endpoint.mvc.EndpointMvcAdapter.invoke()
2018-06-05 13:57:10.230 [main] INFO  o.s.b.actuate.endpoint.mvc.EndpointHandlerMapping -
				Mapped "{[/heapdump || /heapdump.json],methods=[GET],produces=[application/octet-stream]}" onto public void org.springframework.boot.actuate.endpoint.mvc.HeapdumpMvcEndpoint.invoke(boolean,javax.servlet.http.HttpServletRequest,javax.servlet.http.HttpServletResponse) throws java.io.IOException,javax.servlet.ServletException
2018-06-05 13:57:10.230 [main] INFO  o.s.b.actuate.endpoint.mvc.EndpointHandlerMapping -
				Mapped "{[/env],methods=[POST]}" onto public java.lang.Object org.springframework.cloud.context.environment.EnvironmentManagerMvcEndpoint.value(java.util.Map<java.lang.String, java.lang.String>)
2018-06-05 13:57:10.230 [main] INFO  o.s.b.actuate.endpoint.mvc.EndpointHandlerMapping -
				Mapped "{[/env/reset],methods=[POST]}" onto public java.util.Map<java.lang.String, java.lang.Object> org.springframework.cloud.context.environment.EnvironmentManagerMvcEndpoint.reset()
2018-06-05 13:57:10.230 [main] INFO  o.s.b.actuate.endpoint.mvc.EndpointHandlerMapping -
				Mapped "{[/trace || /trace.json],methods=[GET],produces=[application/vnd.spring-boot.actuator.v1+json || application/json]}" onto public java.lang.Object org.springframework.boot.actuate.endpoint.mvc.EndpointMvcAdapter.invoke()
2018-06-05 13:57:10.230 [main] INFO  o.s.b.actuate.endpoint.mvc.EndpointHandlerMapping -
				Mapped "{[/autoconfig || /autoconfig.json],methods=[GET],produces=[application/vnd.spring-boot.actuator.v1+json || application/json]}" onto public java.lang.Object org.springframework.boot.actuate.endpoint.mvc.EndpointMvcAdapter.invoke()
2018-06-05 13:57:10.230 [main] INFO  o.s.b.actuate.endpoint.mvc.EndpointHandlerMapping -
				Mapped "{[/mappings || /mappings.json],methods=[GET],produces=[application/vnd.spring-boot.actuator.v1+json || application/json]}" onto public java.lang.Object org.springframework.boot.actuate.endpoint.mvc.EndpointMvcAdapter.invoke()
2018-06-05 13:57:10.230 [main] INFO  o.s.b.actuate.endpoint.mvc.EndpointHandlerMapping -
				Mapped "{[/loggers/{name:.*}],methods=[GET],produces=[application/vnd.spring-boot.actuator.v1+json || application/json]}" onto public java.lang.Object org.springframework.boot.actuate.endpoint.mvc.LoggersMvcEndpoint.get(java.lang.String)
2018-06-05 13:57:10.230 [main] INFO  o.s.b.actuate.endpoint.mvc.EndpointHandlerMapping -
				Mapped "{[/loggers/{name:.*}],methods=[POST],consumes=[application/vnd.spring-boot.actuator.v1+json || application/json],produces=[application/vnd.spring-boot.actuator.v1+json || application/json]}" onto public java.lang.Object org.springframework.boot.actuate.endpoint.mvc.LoggersMvcEndpoint.set(java.lang.String,java.util.Map<java.lang.String, java.lang.String>)
2018-06-05 13:57:10.230 [main] INFO  o.s.b.actuate.endpoint.mvc.EndpointHandlerMapping -
				Mapped "{[/loggers || /loggers.json],methods=[GET],produces=[application/vnd.spring-boot.actuator.v1+json || application/json]}" onto public java.lang.Object org.springframework.boot.actuate.endpoint.mvc.EndpointMvcAdapter.invoke()
2018-06-05 13:57:10.230 [main] INFO  o.s.b.actuate.endpoint.mvc.EndpointHandlerMapping -
				Mapped "{[/auditevents || /auditevents.json],methods=[GET],produces=[application/vnd.spring-boot.actuator.v1+json || application/json]}" onto public org.springframework.http.ResponseEntity<?> org.springframework.boot.actuate.endpoint.mvc.AuditEventsMvcEndpoint.findByPrincipalAndAfterAndType(java.lang.String,java.util.Date,java.lang.String)
2018-06-05 13:57:10.230 [main] INFO  o.s.b.actuate.endpoint.mvc.EndpointHandlerMapping -
				Mapped "{[/env/{name:.*}],methods=[GET],produces=[application/vnd.spring-boot.actuator.v1+json || application/json]}" onto public java.lang.Object org.springframework.boot.actuate.endpoint.mvc.EnvironmentMvcEndpoint.value(java.lang.String)
2018-06-05 13:57:10.230 [main] INFO  o.s.b.actuate.endpoint.mvc.EndpointHandlerMapping -
				Mapped "{[/env || /env.json],methods=[GET],produces=[application/vnd.spring-boot.actuator.v1+json || application/json]}" onto public java.lang.Object org.springframework.boot.actuate.endpoint.mvc.EndpointMvcAdapter.invoke()
2018-06-05 13:57:10.230 [main] INFO  o.s.b.actuate.endpoint.mvc.EndpointHandlerMapping -
				Mapped "{[/refresh || /refresh.json],methods=[POST]}" onto public java.lang.Object org.springframework.cloud.endpoint.GenericPostableMvcEndpoint.invoke()
2018-06-05 13:57:10.230 [main] INFO  o.s.b.actuate.endpoint.mvc.EndpointHandlerMapping -
				Mapped "{[/info || /info.json],methods=[GET],produces=[application/vnd.spring-boot.actuator.v1+json || application/json]}" onto public java.lang.Object org.springframework.boot.actuate.endpoint.mvc.EndpointMvcAdapter.invoke()
2018-06-05 13:57:10.230 [main] INFO  o.s.b.actuate.endpoint.mvc.EndpointHandlerMapping -
				Mapped "{[/beans || /beans.json],methods=[GET],produces=[application/vnd.spring-boot.actuator.v1+json || application/json]}" onto public java.lang.Object org.springframework.boot.actuate.endpoint.mvc.EndpointMvcAdapter.invoke()
2018-06-05 13:57:10.230 [main] INFO  o.s.b.actuate.endpoint.mvc.EndpointHandlerMapping -
				Mapped "{[/health || /health.json],methods=[GET],produces=[application/vnd.spring-boot.actuator.v1+json || application/json]}" onto public java.lang.Object org.springframework.boot.actuate.endpoint.mvc.HealthMvcEndpoint.invoke(javax.servlet.http.HttpServletRequest,java.security.Principal)
2018-06-05 13:57:10.230 [main] INFO  o.s.b.actuate.endpoint.mvc.EndpointHandlerMapping -
				Mapped "{[/dump || /dump.json],methods=[GET],produces=[application/vnd.spring-boot.actuator.v1+json || application/json]}" onto public java.lang.Object org.springframework.boot.actuate.endpoint.mvc.EndpointMvcAdapter.invoke()
2018-06-05 13:57:10.230 [main] INFO  o.s.b.actuate.endpoint.mvc.EndpointHandlerMapping -
				Mapped "{[/configprops || /configprops.json],methods=[GET],produces=[application/vnd.spring-boot.actuator.v1+json || application/json]}" onto public java.lang.Object org.springframework.boot.actuate.endpoint.mvc.EndpointMvcAdapter.invoke()
2018-06-05 13:57:10.230 [main] INFO  o.s.b.actuate.endpoint.mvc.EndpointHandlerMapping -
				Mapped "{[/features || /features.json],methods=[GET],produces=[application/vnd.spring-boot.actuator.v1+json || application/json]}" onto public java.lang.Object org.springframework.boot.actuate.endpoint.mvc.EndpointMvcAdapter.invoke()
2018-06-05 13:57:11.465 [main] INFO  org.springframework.cloud.commons.util.InetUtils -
				Cannot determine local hostname
2018-06-05 13:57:11.746 [main] INFO  o.s.jmx.export.annotation.AnnotationMBeanExporter -
				Registering beans for JMX exposure on startup
2018-06-05 13:57:11.757 [main] INFO  o.s.jmx.export.annotation.AnnotationMBeanExporter -
				Bean with name 'configurationPropertiesRebinder' has been autodetected for JMX exposure
2018-06-05 13:57:11.761 [main] INFO  o.s.jmx.export.annotation.AnnotationMBeanExporter -
				Bean with name 'refreshEndpoint' has been autodetected for JMX exposure
2018-06-05 13:57:11.761 [main] INFO  o.s.jmx.export.annotation.AnnotationMBeanExporter -
				Bean with name 'environmentManager' has been autodetected for JMX exposure
2018-06-05 13:57:11.765 [main] INFO  o.s.jmx.export.annotation.AnnotationMBeanExporter -
				Bean with name 'refreshScope' has been autodetected for JMX exposure
2018-06-05 13:57:11.770 [main] INFO  o.s.jmx.export.annotation.AnnotationMBeanExporter -
				Located managed bean 'environmentManager': registering with JMX server as MBean [org.springframework.cloud.context.environment:name=environmentManager,type=EnvironmentManager]
2018-06-05 13:57:11.787 [main] INFO  o.s.jmx.export.annotation.AnnotationMBeanExporter -
				Located managed bean 'refreshScope': registering with JMX server as MBean [org.springframework.cloud.context.scope.refresh:name=refreshScope,type=RefreshScope]
2018-06-05 13:57:11.795 [main] INFO  o.s.jmx.export.annotation.AnnotationMBeanExporter -
				Located managed bean 'configurationPropertiesRebinder': registering with JMX server as MBean [org.springframework.cloud.context.properties:name=configurationPropertiesRebinder,context=767e20cf,type=ConfigurationPropertiesRebinder]
2018-06-05 13:57:11.800 [main] INFO  o.s.jmx.export.annotation.AnnotationMBeanExporter -
				Located managed bean 'refreshEndpoint': registering with JMX server as MBean [org.springframework.cloud.endpoint:name=refreshEndpoint,type=RefreshEndpoint]
2018-06-05 13:57:11.815 [main] INFO  o.s.b.actuate.endpoint.jmx.EndpointMBeanExporter -
				Registering beans for JMX exposure on startup
2018-06-05 13:57:11.884 [main] INFO  o.s.context.support.DefaultLifecycleProcessor -
				Starting beans in phase 0
2018-06-05 13:57:11.884 [main] INFO  o.s.b.actuate.endpoint.jmx.EndpointMBeanExporter -
				Located managed bean 'auditEventsEndpoint': registering with JMX server as MBean [org.springframework.boot:type=Endpoint,name=auditEventsEndpoint]
2018-06-05 13:57:11.900 [main] INFO  o.s.b.actuate.endpoint.jmx.EndpointMBeanExporter -
				Located managed bean 'featuresEndpoint': registering with JMX server as MBean [org.springframework.boot:type=Endpoint,name=featuresEndpoint]
2018-06-05 13:57:11.900 [main] INFO  o.s.b.actuate.endpoint.jmx.EndpointMBeanExporter -
				Located managed bean 'requestMappingEndpoint': registering with JMX server as MBean [org.springframework.boot:type=Endpoint,name=requestMappingEndpoint]
2018-06-05 13:57:11.900 [main] INFO  o.s.b.actuate.endpoint.jmx.EndpointMBeanExporter -
				Located managed bean 'environmentEndpoint': registering with JMX server as MBean [org.springframework.boot:type=Endpoint,name=environmentEndpoint]
2018-06-05 13:57:11.900 [main] INFO  o.s.b.actuate.endpoint.jmx.EndpointMBeanExporter -
				Located managed bean 'healthEndpoint': registering with JMX server as MBean [org.springframework.boot:type=Endpoint,name=healthEndpoint]
2018-06-05 13:57:11.915 [main] INFO  o.s.b.actuate.endpoint.jmx.EndpointMBeanExporter -
				Located managed bean 'beansEndpoint': registering with JMX server as MBean [org.springframework.boot:type=Endpoint,name=beansEndpoint]
2018-06-05 13:57:11.915 [main] INFO  o.s.b.actuate.endpoint.jmx.EndpointMBeanExporter -
				Located managed bean 'infoEndpoint': registering with JMX server as MBean [org.springframework.boot:type=Endpoint,name=infoEndpoint]
2018-06-05 13:57:11.915 [main] INFO  o.s.b.actuate.endpoint.jmx.EndpointMBeanExporter -
				Located managed bean 'loggersEndpoint': registering with JMX server as MBean [org.springframework.boot:type=Endpoint,name=loggersEndpoint]
2018-06-05 13:57:11.915 [main] INFO  o.s.b.actuate.endpoint.jmx.EndpointMBeanExporter -
				Located managed bean 'metricsEndpoint': registering with JMX server as MBean [org.springframework.boot:type=Endpoint,name=metricsEndpoint]
2018-06-05 13:57:11.915 [main] INFO  o.s.b.actuate.endpoint.jmx.EndpointMBeanExporter -
				Located managed bean 'traceEndpoint': registering with JMX server as MBean [org.springframework.boot:type=Endpoint,name=traceEndpoint]
2018-06-05 13:57:11.947 [main] INFO  o.s.b.actuate.endpoint.jmx.EndpointMBeanExporter -
				Located managed bean 'dumpEndpoint': registering with JMX server as MBean [org.springframework.boot:type=Endpoint,name=dumpEndpoint]
2018-06-05 13:57:11.947 [main] INFO  o.s.b.actuate.endpoint.jmx.EndpointMBeanExporter -
				Located managed bean 'autoConfigurationReportEndpoint': registering with JMX server as MBean [org.springframework.boot:type=Endpoint,name=autoConfigurationReportEndpoint]
2018-06-05 13:57:11.947 [main] INFO  o.s.b.actuate.endpoint.jmx.EndpointMBeanExporter -
				Located managed bean 'configurationPropertiesReportEndpoint': registering with JMX server as MBean [org.springframework.boot:type=Endpoint,name=configurationPropertiesReportEndpoint]
2018-06-05 13:57:11.994 [main] INFO  org.apache.coyote.http11.Http11NioProtocol -
				Initializing ProtocolHandler ["http-nio-8888"]
2018-06-05 13:57:12.009 [main] INFO  org.apache.coyote.http11.Http11NioProtocol -
				Starting ProtocolHandler ["http-nio-8888"]
2018-06-05 13:57:12.322 [main] INFO  org.apache.tomcat.util.net.NioSelectorPool -
				Using a shared selector for servlet write/read
2018-06-05 13:57:12.353 [main] INFO  o.s.b.c.e.tomcat.TomcatEmbeddedServletContainer -
				Tomcat started on port(s): 8888 (http)
2018-06-05 13:57:12.353 [main] INFO  com.lzm.config.ConfigApplication -
				Started ConfigApplication in 9.173 seconds (JVM running for 9.826)
2018-06-05 13:57:48.964 [http-nio-8888-exec-1] INFO  o.a.c.core.ContainerBase.[Tomcat].[localhost].[/] -
				Initializing Spring FrameworkServlet 'dispatcherServlet'
2018-06-05 13:57:48.975 [http-nio-8888-exec-1] INFO  org.springframework.web.servlet.DispatcherServlet -
				FrameworkServlet 'dispatcherServlet': initialization started
2018-06-05 13:57:48.991 [http-nio-8888-exec-1] INFO  org.springframework.web.servlet.DispatcherServlet -
				FrameworkServlet 'dispatcherServlet': initialization completed in 16 ms
2018-06-05 13:57:54.668 [http-nio-8888-exec-1] INFO  org.springframework.cloud.commons.util.InetUtils -
				Cannot determine local hostname
2018-06-05 13:57:54.764 [http-nio-8888-exec-1] INFO  o.s.c.a.AnnotationConfigApplicationContext -
				Refreshing org.springframework.context.annotation.AnnotationConfigApplicationContext@584edad8: startup date [Tue Jun 05 13:57:54 CST 2018]; root of context hierarchy
2018-06-05 13:57:54.827 [http-nio-8888-exec-1] INFO  o.s.c.c.s.environment.NativeEnvironmentRepository -
				Adding property source: file:/C:/Users/simba/AppData/Local/Temp/config-repo-1359201260657302320/application-prod.properties
2018-06-05 13:57:54.827 [http-nio-8888-exec-1] INFO  o.s.c.c.s.environment.NativeEnvironmentRepository -
				Adding property source: file:/C:/Users/simba/AppData/Local/Temp/config-repo-1359201260657302320/application.properties
2018-06-05 13:57:54.827 [http-nio-8888-exec-1] INFO  o.s.c.a.AnnotationConfigApplicationContext -
				Closing org.springframework.context.annotation.AnnotationConfigApplicationContext@584edad8: startup date [Tue Jun 05 13:57:54 CST 2018]; root of context hierarchy
2018-06-05 14:05:59.479 [http-nio-8888-exec-3] INFO  org.springframework.cloud.commons.util.InetUtils -
				Cannot determine local hostname
2018-06-05 14:05:59.560 [http-nio-8888-exec-3] INFO  o.s.c.a.AnnotationConfigApplicationContext -
				Refreshing org.springframework.context.annotation.AnnotationConfigApplicationContext@1c3c572d: startup date [Tue Jun 05 14:05:59 CST 2018]; root of context hierarchy
2018-06-05 14:05:59.560 [http-nio-8888-exec-3] INFO  o.s.c.c.s.environment.NativeEnvironmentRepository -
				Adding property source: file:/C:/Users/simba/AppData/Local/Temp/config-repo-1359201260657302320/application-prod.properties
2018-06-05 14:05:59.560 [http-nio-8888-exec-3] INFO  o.s.c.c.s.environment.NativeEnvironmentRepository -
				Adding property source: file:/C:/Users/simba/AppData/Local/Temp/config-repo-1359201260657302320/application.properties
2018-06-05 14:05:59.560 [http-nio-8888-exec-3] INFO  o.s.c.a.AnnotationConfigApplicationContext -
				Closing org.springframework.context.annotation.AnnotationConfigApplicationContext@1c3c572d: startup date [Tue Jun 05 14:05:59 CST 2018]; root of context hierarchy
2018-06-05 14:06:08.847 [http-nio-8888-exec-5] INFO  org.springframework.cloud.commons.util.InetUtils -
				Cannot determine local hostname
2018-06-05 14:06:08.907 [http-nio-8888-exec-5] INFO  o.s.c.a.AnnotationConfigApplicationContext -
				Refreshing org.springframework.context.annotation.AnnotationConfigApplicationContext@46d33aa8: startup date [Tue Jun 05 14:06:08 CST 2018]; root of context hierarchy
2018-06-05 14:06:08.923 [http-nio-8888-exec-5] INFO  o.s.c.c.s.environment.NativeEnvironmentRepository -
				Adding property source: file:/C:/Users/simba/AppData/Local/Temp/config-repo-1359201260657302320/application-prod.properties
2018-06-05 14:06:08.923 [http-nio-8888-exec-5] INFO  o.s.c.c.s.environment.NativeEnvironmentRepository -
				Adding property source: file:/C:/Users/simba/AppData/Local/Temp/config-repo-1359201260657302320/application.properties
2018-06-05 14:06:08.923 [http-nio-8888-exec-5] INFO  o.s.c.a.AnnotationConfigApplicationContext -
				Closing org.springframework.context.annotation.AnnotationConfigApplicationContext@46d33aa8: startup date [Tue Jun 05 14:06:08 CST 2018]; root of context hierarchy
2018-06-05 14:10:04.710 [http-nio-8888-exec-9] INFO  org.springframework.cloud.commons.util.InetUtils -
				Cannot determine local hostname
2018-06-05 14:10:04.784 [http-nio-8888-exec-9] INFO  o.s.c.a.AnnotationConfigApplicationContext -
				Refreshing org.springframework.context.annotation.AnnotationConfigApplicationContext@53544a6a: startup date [Tue Jun 05 14:10:04 CST 2018]; root of context hierarchy
2018-06-05 14:10:04.793 [http-nio-8888-exec-9] INFO  o.s.c.c.s.environment.NativeEnvironmentRepository -
				Adding property source: file:/C:/Users/simba/AppData/Local/Temp/config-repo-1359201260657302320/application-prod.properties
2018-06-05 14:10:04.794 [http-nio-8888-exec-9] INFO  o.s.c.c.s.environment.NativeEnvironmentRepository -
				Adding property source: file:/C:/Users/simba/AppData/Local/Temp/config-repo-1359201260657302320/application.properties
2018-06-05 14:10:04.794 [http-nio-8888-exec-9] INFO  o.s.c.a.AnnotationConfigApplicationContext -
				Closing org.springframework.context.annotation.AnnotationConfigApplicationContext@53544a6a: startup date [Tue Jun 05 14:10:04 CST 2018]; root of context hierarchy
2018-06-05 14:10:14.265 [http-nio-8888-exec-6] INFO  org.springframework.cloud.commons.util.InetUtils -
				Cannot determine local hostname
2018-06-05 14:10:14.322 [http-nio-8888-exec-6] INFO  o.s.c.a.AnnotationConfigApplicationContext -
				Refreshing org.springframework.context.annotation.AnnotationConfigApplicationContext@1dad637e: startup date [Tue Jun 05 14:10:14 CST 2018]; root of context hierarchy
2018-06-05 14:10:14.322 [http-nio-8888-exec-6] INFO  o.s.c.c.s.environment.NativeEnvironmentRepository -
				Adding property source: file:/C:/Users/simba/AppData/Local/Temp/config-repo-1359201260657302320/application-prod.properties
2018-06-05 14:10:14.322 [http-nio-8888-exec-6] INFO  o.s.c.c.s.environment.NativeEnvironmentRepository -
				Adding property source: file:/C:/Users/simba/AppData/Local/Temp/config-repo-1359201260657302320/application.properties
2018-06-05 14:10:14.322 [http-nio-8888-exec-6] INFO  o.s.c.a.AnnotationConfigApplicationContext -
				Closing org.springframework.context.annotation.AnnotationConfigApplicationContext@1dad637e: startup date [Tue Jun 05 14:10:14 CST 2018]; root of context hierarchy
2018-06-05 14:16:32.603 [http-nio-8888-exec-1] WARN  org.springframework.web.servlet.PageNotFound -
				Request method 'POST' not supported
2018-06-05 14:16:44.132 [http-nio-8888-exec-2] INFO  org.springframework.cloud.commons.util.InetUtils -
				Cannot determine local hostname
2018-06-05 14:16:44.213 [http-nio-8888-exec-2] INFO  o.s.c.a.AnnotationConfigApplicationContext -
				Refreshing org.springframework.context.annotation.AnnotationConfigApplicationContext@4fc2fb14: startup date [Tue Jun 05 14:16:44 CST 2018]; root of context hierarchy
2018-06-05 14:16:44.229 [http-nio-8888-exec-2] INFO  o.s.c.c.s.environment.NativeEnvironmentRepository -
				Adding property source: file:/C:/Users/simba/AppData/Local/Temp/config-repo-1359201260657302320/application.properties
2018-06-05 14:16:44.229 [http-nio-8888-exec-2] INFO  o.s.c.a.AnnotationConfigApplicationContext -
				Closing org.springframework.context.annotation.AnnotationConfigApplicationContext@4fc2fb14: startup date [Tue Jun 05 14:16:44 CST 2018]; root of context hierarchy
2018-06-05 14:18:07.633 [http-nio-8888-exec-4] INFO  org.springframework.cloud.commons.util.InetUtils -
				Cannot determine local hostname
2018-06-05 14:18:07.735 [http-nio-8888-exec-4] INFO  o.s.c.a.AnnotationConfigApplicationContext -
				Refreshing org.springframework.context.annotation.AnnotationConfigApplicationContext@2368e94f: startup date [Tue Jun 05 14:18:07 CST 2018]; root of context hierarchy
2018-06-05 14:18:07.745 [http-nio-8888-exec-4] INFO  o.s.c.c.s.environment.NativeEnvironmentRepository -
				Adding property source: file:/C:/Users/simba/AppData/Local/Temp/config-repo-1359201260657302320/application.properties
2018-06-05 14:18:07.745 [http-nio-8888-exec-4] INFO  o.s.c.a.AnnotationConfigApplicationContext -
				Closing org.springframework.context.annotation.AnnotationConfigApplicationContext@2368e94f: startup date [Tue Jun 05 14:18:07 CST 2018]; root of context hierarchy
2018-06-05 14:21:07.160 [http-nio-8888-exec-7] INFO  org.springframework.cloud.commons.util.InetUtils -
				Cannot determine local hostname
2018-06-05 14:21:07.242 [http-nio-8888-exec-7] INFO  o.s.c.a.AnnotationConfigApplicationContext -
				Refreshing org.springframework.context.annotation.AnnotationConfigApplicationContext@3a6d500c: startup date [Tue Jun 05 14:21:07 CST 2018]; root of context hierarchy
2018-06-05 14:21:07.257 [http-nio-8888-exec-7] INFO  o.s.c.c.s.environment.NativeEnvironmentRepository -
				Adding property source: file:/C:/Users/simba/AppData/Local/Temp/config-repo-1359201260657302320/application-prod.properties
2018-06-05 14:21:07.257 [http-nio-8888-exec-7] INFO  o.s.c.c.s.environment.NativeEnvironmentRepository -
				Adding property source: file:/C:/Users/simba/AppData/Local/Temp/config-repo-1359201260657302320/application.properties
2018-06-05 14:21:07.257 [http-nio-8888-exec-7] INFO  o.s.c.a.AnnotationConfigApplicationContext -
				Closing org.springframework.context.annotation.AnnotationConfigApplicationContext@3a6d500c: startup date [Tue Jun 05 14:21:07 CST 2018]; root of context hierarchy
2018-06-05 14:21:16.210 [http-nio-8888-exec-8] INFO  org.springframework.cloud.commons.util.InetUtils -
				Cannot determine local hostname
2018-06-05 14:21:16.280 [http-nio-8888-exec-8] INFO  o.s.c.a.AnnotationConfigApplicationContext -
				Refreshing org.springframework.context.annotation.AnnotationConfigApplicationContext@73798ee6: startup date [Tue Jun 05 14:21:16 CST 2018]; root of context hierarchy
2018-06-05 14:21:16.288 [http-nio-8888-exec-8] INFO  o.s.c.c.s.environment.NativeEnvironmentRepository -
				Adding property source: file:/C:/Users/simba/AppData/Local/Temp/config-repo-1359201260657302320/application-prod.properties
2018-06-05 14:21:16.289 [http-nio-8888-exec-8] INFO  o.s.c.c.s.environment.NativeEnvironmentRepository -
				Adding property source: file:/C:/Users/simba/AppData/Local/Temp/config-repo-1359201260657302320/application.properties
2018-06-05 14:21:16.289 [http-nio-8888-exec-8] INFO  o.s.c.a.AnnotationConfigApplicationContext -
				Closing org.springframework.context.annotation.AnnotationConfigApplicationContext@73798ee6: startup date [Tue Jun 05 14:21:16 CST 2018]; root of context hierarchy
2018-06-05 14:21:28.337 [http-nio-8888-exec-10] INFO  org.springframework.cloud.commons.util.InetUtils -
				Cannot determine local hostname
2018-06-05 14:21:28.402 [http-nio-8888-exec-10] INFO  o.s.c.a.AnnotationConfigApplicationContext -
				Refreshing org.springframework.context.annotation.AnnotationConfigApplicationContext@4914bb97: startup date [Tue Jun 05 14:21:28 CST 2018]; root of context hierarchy
2018-06-05 14:21:28.416 [http-nio-8888-exec-10] INFO  o.s.c.c.s.environment.NativeEnvironmentRepository -
				Adding property source: file:/C:/Users/simba/AppData/Local/Temp/config-repo-1359201260657302320/application-prod.properties
2018-06-05 14:21:28.417 [http-nio-8888-exec-10] INFO  o.s.c.c.s.environment.NativeEnvironmentRepository -
				Adding property source: file:/C:/Users/simba/AppData/Local/Temp/config-repo-1359201260657302320/application.properties
2018-06-05 14:21:28.417 [http-nio-8888-exec-10] INFO  o.s.c.a.AnnotationConfigApplicationContext -
				Closing org.springframework.context.annotation.AnnotationConfigApplicationContext@4914bb97: startup date [Tue Jun 05 14:21:28 CST 2018]; root of context hierarchy
2018-06-05 14:21:35.306 [http-nio-8888-exec-2] INFO  org.springframework.cloud.commons.util.InetUtils -
				Cannot determine local hostname
2018-06-05 14:21:35.352 [http-nio-8888-exec-2] INFO  o.s.c.a.AnnotationConfigApplicationContext -
				Refreshing org.springframework.context.annotation.AnnotationConfigApplicationContext@34186f15: startup date [Tue Jun 05 14:21:35 CST 2018]; root of context hierarchy
2018-06-05 14:21:35.368 [http-nio-8888-exec-2] INFO  o.s.c.c.s.environment.NativeEnvironmentRepository -
				Adding property source: file:/C:/Users/simba/AppData/Local/Temp/config-repo-1359201260657302320/application-prod.properties
2018-06-05 14:21:35.368 [http-nio-8888-exec-2] INFO  o.s.c.c.s.environment.NativeEnvironmentRepository -
				Adding property source: file:/C:/Users/simba/AppData/Local/Temp/config-repo-1359201260657302320/application.properties
2018-06-05 14:21:35.368 [http-nio-8888-exec-2] INFO  o.s.c.a.AnnotationConfigApplicationContext -
				Closing org.springframework.context.annotation.AnnotationConfigApplicationContext@34186f15: startup date [Tue Jun 05 14:21:35 CST 2018]; root of context hierarchy
2018-06-05 14:21:58.869 [http-nio-8888-exec-4] INFO  org.springframework.cloud.commons.util.InetUtils -
				Cannot determine local hostname
2018-06-05 14:21:58.953 [http-nio-8888-exec-4] INFO  o.s.c.a.AnnotationConfigApplicationContext -
				Refreshing org.springframework.context.annotation.AnnotationConfigApplicationContext@7f0786df: startup date [Tue Jun 05 14:21:58 CST 2018]; root of context hierarchy
2018-06-05 14:21:58.953 [http-nio-8888-exec-4] INFO  o.s.c.c.s.environment.NativeEnvironmentRepository -
				Adding property source: file:/C:/Users/simba/AppData/Local/Temp/config-repo-1359201260657302320/application-prod.properties
2018-06-05 14:21:58.953 [http-nio-8888-exec-4] INFO  o.s.c.c.s.environment.NativeEnvironmentRepository -
				Adding property source: file:/C:/Users/simba/AppData/Local/Temp/config-repo-1359201260657302320/application.properties
2018-06-05 14:21:58.953 [http-nio-8888-exec-4] INFO  o.s.c.a.AnnotationConfigApplicationContext -
				Closing org.springframework.context.annotation.AnnotationConfigApplicationContext@7f0786df: startup date [Tue Jun 05 14:21:58 CST 2018]; root of context hierarchy
2018-06-05 14:27:26.981 [http-nio-8888-exec-7] INFO  org.springframework.cloud.commons.util.InetUtils -
				Cannot determine local hostname
2018-06-05 14:27:27.047 [http-nio-8888-exec-7] INFO  o.s.c.a.AnnotationConfigApplicationContext -
				Refreshing org.springframework.context.annotation.AnnotationConfigApplicationContext@4f73dc49: startup date [Tue Jun 05 14:27:27 CST 2018]; root of context hierarchy
2018-06-05 14:27:27.062 [http-nio-8888-exec-7] INFO  o.s.c.c.s.environment.NativeEnvironmentRepository -
				Adding property source: file:/C:/Users/simba/AppData/Local/Temp/config-repo-1359201260657302320/application-prod.properties
2018-06-05 14:27:27.062 [http-nio-8888-exec-7] INFO  o.s.c.c.s.environment.NativeEnvironmentRepository -
				Adding property source: file:/C:/Users/simba/AppData/Local/Temp/config-repo-1359201260657302320/application.properties
2018-06-05 14:27:27.062 [http-nio-8888-exec-7] INFO  o.s.c.a.AnnotationConfigApplicationContext -
				Closing org.springframework.context.annotation.AnnotationConfigApplicationContext@4f73dc49: startup date [Tue Jun 05 14:27:27 CST 2018]; root of context hierarchy
2018-06-05 14:27:38.069 [http-nio-8888-exec-8] INFO  org.springframework.cloud.commons.util.InetUtils -
				Cannot determine local hostname
2018-06-05 14:27:38.134 [http-nio-8888-exec-8] INFO  o.s.c.a.AnnotationConfigApplicationContext -
				Refreshing org.springframework.context.annotation.AnnotationConfigApplicationContext@201d96ae: startup date [Tue Jun 05 14:27:38 CST 2018]; root of context hierarchy
2018-06-05 14:27:38.149 [http-nio-8888-exec-8] INFO  o.s.c.c.s.environment.NativeEnvironmentRepository -
				Adding property source: file:/C:/Users/simba/AppData/Local/Temp/config-repo-1359201260657302320/application-prod.properties
2018-06-05 14:27:38.149 [http-nio-8888-exec-8] INFO  o.s.c.c.s.environment.NativeEnvironmentRepository -
				Adding property source: file:/C:/Users/simba/AppData/Local/Temp/config-repo-1359201260657302320/application.properties
2018-06-05 14:27:38.149 [http-nio-8888-exec-8] INFO  o.s.c.a.AnnotationConfigApplicationContext -
				Closing org.springframework.context.annotation.AnnotationConfigApplicationContext@201d96ae: startup date [Tue Jun 05 14:27:38 CST 2018]; root of context hierarchy
2018-06-05 14:28:33.028 [http-nio-8888-exec-10] INFO  o.s.c.c.s.e.MultipleJGitEnvironmentRepository -
				Fetched for remote master and found 1 updates
2018-06-05 14:28:34.316 [http-nio-8888-exec-10] INFO  org.springframework.cloud.commons.util.InetUtils -
				Cannot determine local hostname
2018-06-05 14:28:34.356 [http-nio-8888-exec-10] INFO  o.s.c.a.AnnotationConfigApplicationContext -
				Refreshing org.springframework.context.annotation.AnnotationConfigApplicationContext@6cb0cb61: startup date [Tue Jun 05 14:28:34 CST 2018]; root of context hierarchy
2018-06-05 14:28:34.356 [http-nio-8888-exec-10] INFO  o.s.c.c.s.environment.NativeEnvironmentRepository -
				Adding property source: file:/C:/Users/simba/AppData/Local/Temp/config-repo-1359201260657302320/application-prod.properties
2018-06-05 14:28:34.356 [http-nio-8888-exec-10] INFO  o.s.c.c.s.environment.NativeEnvironmentRepository -
				Adding property source: file:/C:/Users/simba/AppData/Local/Temp/config-repo-1359201260657302320/application.properties
2018-06-05 14:28:34.356 [http-nio-8888-exec-10] INFO  o.s.c.a.AnnotationConfigApplicationContext -
				Closing org.springframework.context.annotation.AnnotationConfigApplicationContext@6cb0cb61: startup date [Tue Jun 05 14:28:34 CST 2018]; root of context hierarchy
2018-06-05 14:29:30.697 [http-nio-8888-exec-2] INFO  org.springframework.cloud.commons.util.InetUtils -
				Cannot determine local hostname
2018-06-05 14:29:30.748 [http-nio-8888-exec-2] INFO  o.s.c.a.AnnotationConfigApplicationContext -
				Refreshing org.springframework.context.annotation.AnnotationConfigApplicationContext@28e05ec3: startup date [Tue Jun 05 14:29:30 CST 2018]; root of context hierarchy
2018-06-05 14:29:30.763 [http-nio-8888-exec-2] INFO  o.s.c.c.s.environment.NativeEnvironmentRepository -
				Adding property source: file:/C:/Users/simba/AppData/Local/Temp/config-repo-1359201260657302320/application-prod.properties
2018-06-05 14:29:30.763 [http-nio-8888-exec-2] INFO  o.s.c.c.s.environment.NativeEnvironmentRepository -
				Adding property source: file:/C:/Users/simba/AppData/Local/Temp/config-repo-1359201260657302320/application.properties
2018-06-05 14:29:30.763 [http-nio-8888-exec-2] INFO  o.s.c.a.AnnotationConfigApplicationContext -
				Closing org.springframework.context.annotation.AnnotationConfigApplicationContext@28e05ec3: startup date [Tue Jun 05 14:29:30 CST 2018]; root of context hierarchy
2018-06-05 14:34:26.172 [http-nio-8888-exec-4] INFO  org.springframework.cloud.commons.util.InetUtils -
				Cannot determine local hostname
2018-06-05 14:34:26.252 [http-nio-8888-exec-4] INFO  o.s.c.a.AnnotationConfigApplicationContext -
				Refreshing org.springframework.context.annotation.AnnotationConfigApplicationContext@9fdd4d3: startup date [Tue Jun 05 14:34:26 CST 2018]; root of context hierarchy
2018-06-05 14:34:26.268 [http-nio-8888-exec-4] INFO  o.s.c.c.s.environment.NativeEnvironmentRepository -
				Adding property source: file:/C:/Users/simba/AppData/Local/Temp/config-repo-1359201260657302320/application-prod.properties
2018-06-05 14:34:26.268 [http-nio-8888-exec-4] INFO  o.s.c.c.s.environment.NativeEnvironmentRepository -
				Adding property source: file:/C:/Users/simba/AppData/Local/Temp/config-repo-1359201260657302320/application.properties
2018-06-05 14:34:26.268 [http-nio-8888-exec-4] INFO  o.s.c.a.AnnotationConfigApplicationContext -
				Closing org.springframework.context.annotation.AnnotationConfigApplicationContext@9fdd4d3: startup date [Tue Jun 05 14:34:26 CST 2018]; root of context hierarchy
2018-06-05 14:36:15.579 [http-nio-8888-exec-7] INFO  org.springframework.cloud.commons.util.InetUtils -
				Cannot determine local hostname
2018-06-05 14:36:15.631 [http-nio-8888-exec-7] INFO  o.s.c.a.AnnotationConfigApplicationContext -
				Refreshing org.springframework.context.annotation.AnnotationConfigApplicationContext@a54b35d: startup date [Tue Jun 05 14:36:15 CST 2018]; root of context hierarchy
2018-06-05 14:36:15.646 [http-nio-8888-exec-7] INFO  o.s.c.c.s.environment.NativeEnvironmentRepository -
				Adding property source: file:/C:/Users/simba/AppData/Local/Temp/config-repo-1359201260657302320/application-prod.properties
2018-06-05 14:36:15.647 [http-nio-8888-exec-7] INFO  o.s.c.c.s.environment.NativeEnvironmentRepository -
				Adding property source: file:/C:/Users/simba/AppData/Local/Temp/config-repo-1359201260657302320/application.properties
2018-06-05 14:36:15.647 [http-nio-8888-exec-7] INFO  o.s.c.a.AnnotationConfigApplicationContext -
				Closing org.springframework.context.annotation.AnnotationConfigApplicationContext@a54b35d: startup date [Tue Jun 05 14:36:15 CST 2018]; root of context hierarchy
2018-06-05 15:03:42.025 [http-nio-8888-exec-8] INFO  org.springframework.cloud.commons.util.InetUtils -
				Cannot determine local hostname
2018-06-05 15:03:42.093 [http-nio-8888-exec-8] INFO  o.s.c.a.AnnotationConfigApplicationContext -
				Refreshing org.springframework.context.annotation.AnnotationConfigApplicationContext@112b8d64: startup date [Tue Jun 05 15:03:42 CST 2018]; root of context hierarchy
2018-06-05 15:03:42.103 [http-nio-8888-exec-8] INFO  o.s.c.c.s.environment.NativeEnvironmentRepository -
				Adding property source: file:/C:/Users/simba/AppData/Local/Temp/config-repo-1359201260657302320/application-prod.properties
2018-06-05 15:03:42.103 [http-nio-8888-exec-8] INFO  o.s.c.c.s.environment.NativeEnvironmentRepository -
				Adding property source: file:/C:/Users/simba/AppData/Local/Temp/config-repo-1359201260657302320/application.properties
2018-06-05 15:03:42.103 [http-nio-8888-exec-8] INFO  o.s.c.a.AnnotationConfigApplicationContext -
				Closing org.springframework.context.annotation.AnnotationConfigApplicationContext@112b8d64: startup date [Tue Jun 05 15:03:42 CST 2018]; root of context hierarchy
2018-06-05 15:03:51.049 [http-nio-8888-exec-10] INFO  org.springframework.cloud.commons.util.InetUtils -
				Cannot determine local hostname
2018-06-05 15:03:51.124 [http-nio-8888-exec-10] INFO  o.s.c.a.AnnotationConfigApplicationContext -
				Refreshing org.springframework.context.annotation.AnnotationConfigApplicationContext@49e58471: startup date [Tue Jun 05 15:03:51 CST 2018]; root of context hierarchy
2018-06-05 15:03:51.133 [http-nio-8888-exec-10] INFO  o.s.c.c.s.environment.NativeEnvironmentRepository -
				Adding property source: file:/C:/Users/simba/AppData/Local/Temp/config-repo-1359201260657302320/application-prod.properties
2018-06-05 15:03:51.133 [http-nio-8888-exec-10] INFO  o.s.c.c.s.environment.NativeEnvironmentRepository -
				Adding property source: file:/C:/Users/simba/AppData/Local/Temp/config-repo-1359201260657302320/application.properties
2018-06-05 15:03:51.133 [http-nio-8888-exec-10] INFO  o.s.c.a.AnnotationConfigApplicationContext -
				Closing org.springframework.context.annotation.AnnotationConfigApplicationContext@49e58471: startup date [Tue Jun 05 15:03:51 CST 2018]; root of context hierarchy
2018-06-05 15:04:51.003 [http-nio-8888-exec-2] INFO  o.s.c.c.s.e.MultipleJGitEnvironmentRepository -
				Fetched for remote master and found 1 updates
2018-06-05 15:04:52.230 [http-nio-8888-exec-2] INFO  org.springframework.cloud.commons.util.InetUtils -
				Cannot determine local hostname
2018-06-05 15:04:52.311 [http-nio-8888-exec-2] INFO  o.s.c.a.AnnotationConfigApplicationContext -
				Refreshing org.springframework.context.annotation.AnnotationConfigApplicationContext@46715115: startup date [Tue Jun 05 15:04:52 CST 2018]; root of context hierarchy
2018-06-05 15:04:52.320 [http-nio-8888-exec-2] INFO  o.s.c.c.s.environment.NativeEnvironmentRepository -
				Adding property source: file:/C:/Users/simba/AppData/Local/Temp/config-repo-1359201260657302320/application-prod.properties
2018-06-05 15:04:52.320 [http-nio-8888-exec-2] INFO  o.s.c.c.s.environment.NativeEnvironmentRepository -
				Adding property source: file:/C:/Users/simba/AppData/Local/Temp/config-repo-1359201260657302320/application.properties
2018-06-05 15:04:52.320 [http-nio-8888-exec-2] INFO  o.s.c.a.AnnotationConfigApplicationContext -
				Closing org.springframework.context.annotation.AnnotationConfigApplicationContext@46715115: startup date [Tue Jun 05 15:04:52 CST 2018]; root of context hierarchy
2018-06-05 15:09:44.378 [http-nio-8888-exec-4] INFO  org.springframework.cloud.commons.util.InetUtils -
				Cannot determine local hostname
2018-06-05 15:09:44.456 [http-nio-8888-exec-4] INFO  o.s.c.a.AnnotationConfigApplicationContext -
				Refreshing org.springframework.context.annotation.AnnotationConfigApplicationContext@5a621dc0: startup date [Tue Jun 05 15:09:44 CST 2018]; root of context hierarchy
2018-06-05 15:09:44.463 [http-nio-8888-exec-4] INFO  o.s.c.c.s.environment.NativeEnvironmentRepository -
				Adding property source: file:/C:/Users/simba/AppData/Local/Temp/config-repo-1359201260657302320/application-prod.properties
2018-06-05 15:09:44.463 [http-nio-8888-exec-4] INFO  o.s.c.c.s.environment.NativeEnvironmentRepository -
				Adding property source: file:/C:/Users/simba/AppData/Local/Temp/config-repo-1359201260657302320/application.properties
2018-06-05 15:09:44.464 [http-nio-8888-exec-4] INFO  o.s.c.a.AnnotationConfigApplicationContext -
				Closing org.springframework.context.annotation.AnnotationConfigApplicationContext@5a621dc0: startup date [Tue Jun 05 15:09:44 CST 2018]; root of context hierarchy
2018-06-05 15:09:53.748 [http-nio-8888-exec-7] INFO  org.springframework.cloud.commons.util.InetUtils -
				Cannot determine local hostname
2018-06-05 15:09:53.796 [http-nio-8888-exec-7] INFO  o.s.c.a.AnnotationConfigApplicationContext -
				Refreshing org.springframework.context.annotation.AnnotationConfigApplicationContext@5292dbec: startup date [Tue Jun 05 15:09:53 CST 2018]; root of context hierarchy
2018-06-05 15:09:53.803 [http-nio-8888-exec-7] INFO  o.s.c.c.s.environment.NativeEnvironmentRepository -
				Adding property source: file:/C:/Users/simba/AppData/Local/Temp/config-repo-1359201260657302320/application-prod.properties
2018-06-05 15:09:53.803 [http-nio-8888-exec-7] INFO  o.s.c.c.s.environment.NativeEnvironmentRepository -
				Adding property source: file:/C:/Users/simba/AppData/Local/Temp/config-repo-1359201260657302320/application.properties
2018-06-05 15:09:53.803 [http-nio-8888-exec-7] INFO  o.s.c.a.AnnotationConfigApplicationContext -
				Closing org.springframework.context.annotation.AnnotationConfigApplicationContext@5292dbec: startup date [Tue Jun 05 15:09:53 CST 2018]; root of context hierarchy
2018-06-05 15:11:28.371 [http-nio-8888-exec-8] INFO  org.springframework.cloud.commons.util.InetUtils -
				Cannot determine local hostname
2018-06-05 15:11:28.470 [http-nio-8888-exec-8] INFO  o.s.c.a.AnnotationConfigApplicationContext -
				Refreshing org.springframework.context.annotation.AnnotationConfigApplicationContext@1d4f3997: startup date [Tue Jun 05 15:11:28 CST 2018]; root of context hierarchy
2018-06-05 15:11:28.481 [http-nio-8888-exec-8] INFO  o.s.c.c.s.environment.NativeEnvironmentRepository -
				Adding property source: file:/C:/Users/simba/AppData/Local/Temp/config-repo-1359201260657302320/application-prod.properties
2018-06-05 15:11:28.481 [http-nio-8888-exec-8] INFO  o.s.c.c.s.environment.NativeEnvironmentRepository -
				Adding property source: file:/C:/Users/simba/AppData/Local/Temp/config-repo-1359201260657302320/application.properties
2018-06-05 15:11:28.481 [http-nio-8888-exec-8] INFO  o.s.c.a.AnnotationConfigApplicationContext -
				Closing org.springframework.context.annotation.AnnotationConfigApplicationContext@1d4f3997: startup date [Tue Jun 05 15:11:28 CST 2018]; root of context hierarchy
2018-06-05 15:11:37.007 [http-nio-8888-exec-10] INFO  org.springframework.cloud.commons.util.InetUtils -
				Cannot determine local hostname
2018-06-05 15:11:37.127 [http-nio-8888-exec-10] INFO  o.s.c.a.AnnotationConfigApplicationContext -
				Refreshing org.springframework.context.annotation.AnnotationConfigApplicationContext@6be6f68b: startup date [Tue Jun 05 15:11:37 CST 2018]; root of context hierarchy
2018-06-05 15:11:37.143 [http-nio-8888-exec-10] INFO  o.s.c.c.s.environment.NativeEnvironmentRepository -
				Adding property source: file:/C:/Users/simba/AppData/Local/Temp/config-repo-1359201260657302320/application-prod.properties
2018-06-05 15:11:37.143 [http-nio-8888-exec-10] INFO  o.s.c.c.s.environment.NativeEnvironmentRepository -
				Adding property source: file:/C:/Users/simba/AppData/Local/Temp/config-repo-1359201260657302320/application.properties
2018-06-05 15:11:37.143 [http-nio-8888-exec-10] INFO  o.s.c.a.AnnotationConfigApplicationContext -
				Closing org.springframework.context.annotation.AnnotationConfigApplicationContext@6be6f68b: startup date [Tue Jun 05 15:11:37 CST 2018]; root of context hierarchy
2018-06-05 15:12:42.190 [http-nio-8888-exec-2] INFO  org.springframework.cloud.commons.util.InetUtils -
				Cannot determine local hostname
2018-06-05 15:12:42.260 [http-nio-8888-exec-2] INFO  o.s.c.a.AnnotationConfigApplicationContext -
				Refreshing org.springframework.context.annotation.AnnotationConfigApplicationContext@6312c165: startup date [Tue Jun 05 15:12:42 CST 2018]; root of context hierarchy
2018-06-05 15:12:42.271 [http-nio-8888-exec-2] INFO  o.s.c.c.s.environment.NativeEnvironmentRepository -
				Adding property source: file:/C:/Users/simba/AppData/Local/Temp/config-repo-1359201260657302320/application-prod.properties
2018-06-05 15:12:42.272 [http-nio-8888-exec-2] INFO  o.s.c.c.s.environment.NativeEnvironmentRepository -
				Adding property source: file:/C:/Users/simba/AppData/Local/Temp/config-repo-1359201260657302320/application.properties
2018-06-05 15:12:42.272 [http-nio-8888-exec-2] INFO  o.s.c.a.AnnotationConfigApplicationContext -
				Closing org.springframework.context.annotation.AnnotationConfigApplicationContext@6312c165: startup date [Tue Jun 05 15:12:42 CST 2018]; root of context hierarchy
2018-06-05 15:12:51.087 [http-nio-8888-exec-3] INFO  org.springframework.cloud.commons.util.InetUtils -
				Cannot determine local hostname
2018-06-05 15:12:51.163 [http-nio-8888-exec-3] INFO  o.s.c.a.AnnotationConfigApplicationContext -
				Refreshing org.springframework.context.annotation.AnnotationConfigApplicationContext@5f8c224a: startup date [Tue Jun 05 15:12:51 CST 2018]; root of context hierarchy
2018-06-05 15:12:51.177 [http-nio-8888-exec-3] INFO  o.s.c.c.s.environment.NativeEnvironmentRepository -
				Adding property source: file:/C:/Users/simba/AppData/Local/Temp/config-repo-1359201260657302320/application-prod.properties
2018-06-05 15:12:51.177 [http-nio-8888-exec-3] INFO  o.s.c.c.s.environment.NativeEnvironmentRepository -
				Adding property source: file:/C:/Users/simba/AppData/Local/Temp/config-repo-1359201260657302320/application.properties
2018-06-05 15:12:51.177 [http-nio-8888-exec-3] INFO  o.s.c.a.AnnotationConfigApplicationContext -
				Closing org.springframework.context.annotation.AnnotationConfigApplicationContext@5f8c224a: startup date [Tue Jun 05 15:12:51 CST 2018]; root of context hierarchy
2018-06-05 15:13:28.945 [http-nio-8888-exec-7] INFO  o.s.c.c.s.e.MultipleJGitEnvironmentRepository -
				Fetched for remote master and found 1 updates
2018-06-05 15:13:30.215 [http-nio-8888-exec-7] INFO  org.springframework.cloud.commons.util.InetUtils -
				Cannot determine local hostname
2018-06-05 15:13:30.289 [http-nio-8888-exec-7] INFO  o.s.c.a.AnnotationConfigApplicationContext -
				Refreshing org.springframework.context.annotation.AnnotationConfigApplicationContext@7adbea8e: startup date [Tue Jun 05 15:13:30 CST 2018]; root of context hierarchy
2018-06-05 15:13:30.298 [http-nio-8888-exec-7] INFO  o.s.c.c.s.environment.NativeEnvironmentRepository -
				Adding property source: file:/C:/Users/simba/AppData/Local/Temp/config-repo-1359201260657302320/application-prod.properties
2018-06-05 15:13:30.298 [http-nio-8888-exec-7] INFO  o.s.c.c.s.environment.NativeEnvironmentRepository -
				Adding property source: file:/C:/Users/simba/AppData/Local/Temp/config-repo-1359201260657302320/application.properties
2018-06-05 15:13:30.298 [http-nio-8888-exec-7] INFO  o.s.c.a.AnnotationConfigApplicationContext -
				Closing org.springframework.context.annotation.AnnotationConfigApplicationContext@7adbea8e: startup date [Tue Jun 05 15:13:30 CST 2018]; root of context hierarchy
