2018-06-05 13:57:47.001 [main] INFO  o.s.c.a.AnnotationConfigApplicationContext -
				Refreshing org.springframework.context.annotation.AnnotationConfigApplicationContext@7f3b84b8: startup date [Tue Jun 05 13:57:47 CST 2018]; root of context hierarchy
2018-06-05 13:57:47.283 [main] INFO  o.s.c.s.PostProcessorRegistrationDelegate$BeanPostProcessorChecker -
				Bean 'configurationPropertiesRebinderAutoConfiguration' of type [org.springframework.cloud.autoconfigure.ConfigurationPropertiesRebinderAutoConfiguration$$EnhancerBySpringCGLIB$$468755f7] is not eligible for getting processed by all BeanPostProcessors (for example: not eligible for auto-proxying)
2018-06-05 13:57:48.745 [main] INFO  o.s.c.c.client.ConfigServicePropertySourceLocator -
				Fetching config from server at: http://localhost:8888/
2018-06-05 13:57:54.968 [main] INFO  o.s.c.c.client.ConfigServicePropertySourceLocator -
				Located environment: name=application, profiles=[prod], label=master, version=36a611a4ea65c9f8ab21b9e4514aae4156fc760a, state=null
2018-06-05 13:57:54.968 [main] INFO  o.s.c.b.c.PropertySourceBootstrapConfiguration -
				Located property source: CompositePropertySource {name='configService', propertySources=[MapPropertySource {name='configClient'}, MapPropertySource {name='https://39.106.210.217:8930/lzm/b.git/application-prod.properties'}, MapPropertySource {name='https://39.106.210.217:8930/lzm/b.git/application.properties'}]}
2018-06-05 13:57:54.987 [main] INFO  com.lzm.config_client.ConfigClientApplication -
				No active profile set, falling back to default profiles: default
2018-06-05 13:57:55.033 [main] INFO  o.s.b.w.s.c.AnnotationConfigServletWebServerApplicationContext -
				Refreshing org.springframework.boot.web.servlet.context.AnnotationConfigServletWebServerApplicationContext@1f75a668: startup date [Tue Jun 05 13:57:55 CST 2018]; parent: org.springframework.context.annotation.AnnotationConfigApplicationContext@7f3b84b8
2018-06-05 13:57:56.362 [main] INFO  o.springframework.cloud.context.scope.GenericScope -
				BeanFactory id=d53c8a63-6632-3e00-af48-c7b1dee2b9b1
2018-06-05 13:57:56.435 [main] INFO  o.s.c.s.PostProcessorRegistrationDelegate$BeanPostProcessorChecker -
				Bean 'org.springframework.cloud.autoconfigure.ConfigurationPropertiesRebinderAutoConfiguration' of type [org.springframework.cloud.autoconfigure.ConfigurationPropertiesRebinderAutoConfiguration$$EnhancerBySpringCGLIB$$468755f7] is not eligible for getting processed by all BeanPostProcessors (for example: not eligible for auto-proxying)
2018-06-05 13:57:56.787 [main] INFO  o.s.boot.web.embedded.tomcat.TomcatWebServer -
				Tomcat initialized with port(s): 8881 (http)
2018-06-05 13:57:56.802 [main] INFO  org.apache.coyote.http11.Http11NioProtocol -
				Initializing ProtocolHandler ["http-nio-8881"]
2018-06-05 13:57:56.818 [main] INFO  org.apache.catalina.core.StandardService -
				Starting service [Tomcat]
2018-06-05 13:57:56.818 [main] INFO  org.apache.catalina.core.StandardEngine -
				Starting Servlet Engine: Apache Tomcat/8.5.31
2018-06-05 13:57:56.834 [localhost-startStop-1] INFO  org.apache.catalina.core.AprLifecycleListener -
				The APR based Apache Tomcat Native library which allows optimal performance in production environments was not found on the java.library.path: [C:\Program Files\Java\jdk1.8.0_121\bin;C:\WINDOWS\Sun\Java\bin;C:\WINDOWS\system32;C:\WINDOWS;C:/Program Files/Java/jre1.8.0_121/bin/server;C:/Program Files/Java/jre1.8.0_121/bin;C:/Program Files/Java/jre1.8.0_121/lib/amd64;C:\ProgramData\Oracle\Java\javapath;C:\WINDOWS\system32;C:\WINDOWS;C:\WINDOWS\System32\Wbem;C:\WINDOWS\System32\WindowsPowerShell\v1.0\;C:\Program Files\TortoiseSVN\bin;C:\Program Files\MySQL\MySQL Server 5.7\bin?鶸?;;C:\Program Files\Git\cmd;E:\python\Python36-32\Scripts\;E:\python\Python36-32\;C:\Users\simba\AppData\Local\Microsoft\WindowsApps;C:\Program Files (x86)\SSH Communications Security\SSH Secure Shell;E:\java\apache-maven-3.3.9/bin;;E:\software\eclipse-jee-neon-2-win32-x86_64\eclipse;;.]
2018-06-05 13:57:57.005 [localhost-startStop-1] INFO  o.a.c.core.ContainerBase.[Tomcat].[localhost].[/] -
				Initializing Spring embedded WebApplicationContext
2018-06-05 13:57:57.005 [localhost-startStop-1] INFO  org.springframework.web.context.ContextLoader -
				Root WebApplicationContext: initialization completed in 1972 ms
2018-06-05 13:57:57.162 [localhost-startStop-1] INFO  o.s.boot.web.servlet.ServletRegistrationBean -
				Servlet dispatcherServlet mapped to [/]
2018-06-05 13:57:57.162 [localhost-startStop-1] INFO  o.s.boot.web.servlet.FilterRegistrationBean -
				Mapping filter: 'characterEncodingFilter' to: [/*]
2018-06-05 13:57:57.162 [localhost-startStop-1] INFO  o.s.boot.web.servlet.FilterRegistrationBean -
				Mapping filter: 'hiddenHttpMethodFilter' to: [/*]
2018-06-05 13:57:57.162 [localhost-startStop-1] INFO  o.s.boot.web.servlet.FilterRegistrationBean -
				Mapping filter: 'httpPutFormContentFilter' to: [/*]
2018-06-05 13:57:57.162 [localhost-startStop-1] INFO  o.s.boot.web.servlet.FilterRegistrationBean -
				Mapping filter: 'requestContextFilter' to: [/*]
2018-06-05 13:57:57.193 [main] INFO  c.l.c.ConfigClientApplication$$EnhancerBySpringCGLIB$$56fc1c00 -
				>>> profile:prod
2018-06-05 13:57:57.255 [main] INFO  o.s.web.servlet.handler.SimpleUrlHandlerMapping -
				Mapped URL path [/**/favicon.ico] onto handler of type [class org.springframework.web.servlet.resource.ResourceHttpRequestHandler]
2018-06-05 13:57:57.624 [main] INFO  o.s.w.s.m.m.a.RequestMappingHandlerAdapter -
				Looking for @ControllerAdvice: org.springframework.boot.web.servlet.context.AnnotationConfigServletWebServerApplicationContext@1f75a668: startup date [Tue Jun 05 13:57:55 CST 2018]; parent: org.springframework.context.annotation.AnnotationConfigApplicationContext@7f3b84b8
2018-06-05 13:57:57.696 [main] INFO  o.s.w.s.m.m.a.RequestMappingHandlerMapping -
				Mapped "{[/hi]}" onto public java.lang.String com.lzm.config_client.ConfigClientApplication.hi()
2018-06-05 13:57:57.696 [main] INFO  o.s.w.s.m.m.a.RequestMappingHandlerMapping -
				Mapped "{[/error]}" onto public org.springframework.http.ResponseEntity<java.util.Map<java.lang.String, java.lang.Object>> org.springframework.boot.autoconfigure.web.servlet.error.BasicErrorController.error(javax.servlet.http.HttpServletRequest)
2018-06-05 13:57:57.696 [main] INFO  o.s.w.s.m.m.a.RequestMappingHandlerMapping -
				Mapped "{[/error],produces=[text/html]}" onto public org.springframework.web.servlet.ModelAndView org.springframework.boot.autoconfigure.web.servlet.error.BasicErrorController.errorHtml(javax.servlet.http.HttpServletRequest,javax.servlet.http.HttpServletResponse)
2018-06-05 13:57:57.727 [main] INFO  o.s.web.servlet.handler.SimpleUrlHandlerMapping -
				Mapped URL path [/webjars/**] onto handler of type [class org.springframework.web.servlet.resource.ResourceHttpRequestHandler]
2018-06-05 13:57:57.727 [main] INFO  o.s.web.servlet.handler.SimpleUrlHandlerMapping -
				Mapped URL path [/**] onto handler of type [class org.springframework.web.servlet.resource.ResourceHttpRequestHandler]
2018-06-05 13:57:59.049 [main] INFO  org.springframework.cloud.commons.util.InetUtils -
				Cannot determine local hostname
2018-06-05 13:57:59.082 [main] INFO  o.s.jmx.export.annotation.AnnotationMBeanExporter -
				Registering beans for JMX exposure on startup
2018-06-05 13:57:59.098 [main] INFO  o.s.jmx.export.annotation.AnnotationMBeanExporter -
				Bean with name 'configurationPropertiesRebinder' has been autodetected for JMX exposure
2018-06-05 13:57:59.098 [main] INFO  o.s.jmx.export.annotation.AnnotationMBeanExporter -
				Bean with name 'environmentManager' has been autodetected for JMX exposure
2018-06-05 13:57:59.098 [main] INFO  o.s.jmx.export.annotation.AnnotationMBeanExporter -
				Bean with name 'refreshScope' has been autodetected for JMX exposure
2018-06-05 13:57:59.098 [main] INFO  o.s.jmx.export.annotation.AnnotationMBeanExporter -
				Located managed bean 'environmentManager': registering with JMX server as MBean [org.springframework.cloud.context.environment:name=environmentManager,type=EnvironmentManager]
2018-06-05 13:57:59.113 [main] INFO  o.s.jmx.export.annotation.AnnotationMBeanExporter -
				Located managed bean 'refreshScope': registering with JMX server as MBean [org.springframework.cloud.context.scope.refresh:name=refreshScope,type=RefreshScope]
2018-06-05 13:57:59.129 [main] INFO  o.s.jmx.export.annotation.AnnotationMBeanExporter -
				Located managed bean 'configurationPropertiesRebinder': registering with JMX server as MBean [org.springframework.cloud.context.properties:name=configurationPropertiesRebinder,context=1f75a668,type=ConfigurationPropertiesRebinder]
2018-06-05 13:57:59.145 [main] INFO  org.apache.coyote.http11.Http11NioProtocol -
				Starting ProtocolHandler ["http-nio-8881"]
2018-06-05 13:57:59.160 [main] INFO  org.apache.tomcat.util.net.NioSelectorPool -
				Using a shared selector for servlet write/read
2018-06-05 13:57:59.191 [main] INFO  o.s.boot.web.embedded.tomcat.TomcatWebServer -
				Tomcat started on port(s): 8881 (http) with context path ''
2018-06-05 13:57:59.191 [main] INFO  com.lzm.config_client.ConfigClientApplication -
				Started ConfigClientApplication in 14.1 seconds (JVM running for 15.031)
2018-06-05 13:58:14.146 [http-nio-8881-exec-1] INFO  o.a.c.core.ContainerBase.[Tomcat].[localhost].[/] -
				Initializing Spring FrameworkServlet 'dispatcherServlet'
2018-06-05 13:58:14.147 [http-nio-8881-exec-1] INFO  org.springframework.web.servlet.DispatcherServlet -
				FrameworkServlet 'dispatcherServlet': initialization started
2018-06-05 13:58:14.169 [http-nio-8881-exec-1] INFO  org.springframework.web.servlet.DispatcherServlet -
				FrameworkServlet 'dispatcherServlet': initialization completed in 22 ms
